<?xml version="1.0" encoding="UTF-8"?>
<coverage generated="1787168505742" clover="3.2.0">
  <project timestamp="1787168505742" name="All files">
    <metrics statements="1402" coveredstatements="1322" conditionals="643" coveredconditionals="616" methods="95" coveredmethods="88" elements="2140" coveredelements="2026" complexity="0" loc="1402" ncloc="1402" packages="3" files="14" classes="14"/>
    <package name="components">
      <metrics statements="400" coveredstatements="391" conditionals="118" coveredconditionals="110" methods="31" coveredmethods="25"/>
      <file name="AccountSidebar.vue" path="/home/dev/social-auto-upload-web-ui/.worktrees/feature-20260820-phase3/frontend/src/components/AccountSidebar.vue">
        <metrics statements="89" coveredstatements="80" conditionals="27" coveredconditionals="26" methods="5" coveredmethods="3"/>
        <line num="1" count="1" type="stmt"/>
        <line num="2" count="1" type="stmt"/>
        <line num="3" count="1" type="stmt"/>
        <line num="4" count="1" type="stmt"/>
        <line num="5" count="1" type="stmt"/>
        <line num="6" count="1" type="stmt"/>
        <line num="8" count="1" type="stmt"/>
        <line num="9" count="1" type="stmt"/>
        <line num="10" count="1" type="cond" truecount="1" falsecount="0"/>
        <line num="11" count="1" type="stmt"/>
        <line num="12" count="1" type="stmt"/>
        <line num="13" count="1" type="stmt"/>
        <line num="15" count="1" type="stmt"/>
        <line num="16" count="1" type="stmt"/>
        <line num="17" count="1" type="stmt"/>
        <line num="18" count="1" type="stmt"/>
        <line num="20" count="1" type="cond" truecount="1" falsecount="0"/>
        <line num="21" count="1" type="stmt"/>
        <line num="22" count="1" type="stmt"/>
        <line num="23" count="1" type="stmt"/>
        <line num="24" count="1" type="cond" truecount="2" falsecount="0"/>
        <line num="26" count="1" type="stmt"/>
        <line num="27" count="1" type="stmt"/>
        <line num="28" count="1" type="stmt"/>
        <line num="29" count="1" type="stmt"/>
        <line num="30" count="1" type="stmt"/>
        <line num="31" count="1" type="stmt"/>
        <line num="32" count="1" type="stmt"/>
        <line num="33" count="1" type="cond" truecount="3" falsecount="0"/>
        <line num="34" count="1" type="stmt"/>
        <line num="36" count="1" type="stmt"/>
        <line num="37" count="1" type="stmt"/>
        <line num="38" count="1" type="stmt"/>
        <line num="39" count="1" type="stmt"/>
        <line num="41" count="1" type="stmt"/>
        <line num="42" count="1" type="stmt"/>
        <line num="43" count="1" type="cond" truecount="3" falsecount="0"/>
        <line num="44" count="1" type="stmt"/>
        <line num="45" count="1" type="stmt"/>
        <line num="49" count="1" type="cond" truecount="1" falsecount="0"/>
        <line num="51" count="1" type="stmt"/>
        <line num="52" count="1" type="stmt"/>
        <line num="53" count="1" type="stmt"/>
        <line num="54" count="1" type="stmt"/>
        <line num="55" count="1" type="stmt"/>
        <line num="56" count="1" type="cond" truecount="2" falsecount="0"/>
        <line num="57" count="1" type="cond" truecount="1" falsecount="0"/>
        <line num="58" count="1" type="cond" truecount="1" falsecount="0"/>
        <line num="59" count="1" type="stmt"/>
        <line num="60" count="1" type="cond" truecount="3" falsecount="1"/>
        <line num="61" count="1" type="stmt"/>
        <line num="62" count="1" type="stmt"/>
        <line num="63" count="1" type="stmt"/>
        <line num="64" count="1" type="stmt"/>
        <line num="66" count="1" type="stmt"/>
        <line num="67" count="1" type="cond" truecount="1" falsecount="0"/>
        <line num="68" count="1" type="stmt"/>
        <line num="69" count="1" type="stmt"/>
        <line num="73" count="1" type="stmt"/>
        <line num="74" count="1" type="stmt"/>
        <line num="75" count="1" type="stmt"/>
        <line num="76" count="1" type="stmt"/>
        <line num="78" count="1" type="stmt"/>
        <line num="80" count="1" type="stmt"/>
        <line num="97" count="1" type="stmt"/>
        <line num="98" count="1" type="stmt"/>
        <line num="99" count="1" type="stmt"/>
        <line num="100" count="1" type="stmt"/>
        <line num="101" count="1" type="stmt"/>
        <line num="102" count="1" type="cond" truecount="1" falsecount="0"/>
        <line num="103" count="15" type="cond" truecount="1" falsecount="0"/>
        <line num="104" count="45" type="cond" truecount="2" falsecount="0"/>
        <line num="105" count="45" type="cond" truecount="1" falsecount="0"/>
        <line num="106" count="36" type="stmt"/>
        <line num="107" count="36" type="cond" truecount="1" falsecount="0"/>
        <line num="108" count="36" type="cond" truecount="1" falsecount="0"/>
        <line num="109" count="8" type="stmt"/>
        <line num="110" count="15" type="stmt"/>
        <line num="111" count="1" type="stmt"/>
        <line num="113" count="1" type="stmt"/>
        <line num="114" count="0" type="stmt"/>
        <line num="115" count="0" type="stmt"/>
        <line num="116" count="0" type="stmt"/>
        <line num="117" count="0" type="stmt"/>
        <line num="118" count="0" type="stmt"/>
        <line num="119" count="0" type="stmt"/>
        <line num="120" count="0" type="stmt"/>
        <line num="121" count="0" type="stmt"/>
        <line num="122" count="0" type="stmt"/>
      </file>
      <file name="BatchSetDialog.vue" path="/home/dev/social-auto-upload-web-ui/.worktrees/feature-20260820-phase3/frontend/src/components/BatchSetDialog.vue">
        <metrics statements="157" coveredstatements="157" conditionals="40" coveredconditionals="39" methods="15" coveredmethods="13"/>
        <line num="1" count="1" type="stmt"/>
        <line num="2" count="1" type="stmt"/>
        <line num="3" count="1" type="stmt"/>
        <line num="4" count="1" type="cond" truecount="1" falsecount="0"/>
        <line num="5" count="1" type="stmt"/>
        <line num="6" count="1" type="stmt"/>
        <line num="7" count="1" type="stmt"/>
        <line num="8" count="1" type="stmt"/>
        <line num="10" count="1" type="stmt"/>
        <line num="11" count="1" type="stmt"/>
        <line num="12" count="1" type="stmt"/>
        <line num="13" count="1" type="cond" truecount="2" falsecount="0"/>
        <line num="14" count="1" type="stmt"/>
        <line num="15" count="1" type="stmt"/>
        <line num="16" count="1" type="stmt"/>
        <line num="17" count="1" type="stmt"/>
        <line num="18" count="1" type="stmt"/>
        <line num="19" count="1" type="stmt"/>
        <line num="20" count="1" type="stmt"/>
        <line num="21" count="1" type="stmt"/>
        <line num="22" count="1" type="stmt"/>
        <line num="23" count="1" type="stmt"/>
        <line num="24" count="1" type="stmt"/>
        <line num="25" count="1" type="stmt"/>
        <line num="26" count="1" type="stmt"/>
        <line num="27" count="1" type="stmt"/>
        <line num="28" count="1" type="stmt"/>
        <line num="29" count="1" type="stmt"/>
        <line num="30" count="1" type="stmt"/>
        <line num="31" count="1" type="stmt"/>
        <line num="32" count="1" type="stmt"/>
        <line num="33" count="1" type="cond" truecount="2" falsecount="0"/>
        <line num="34" count="1" type="stmt"/>
        <line num="35" count="1" type="stmt"/>
        <line num="36" count="1" type="stmt"/>
        <line num="37" count="1" type="stmt"/>
        <line num="38" count="1" type="stmt"/>
        <line num="39" count="1" type="stmt"/>
        <line num="40" count="1" type="stmt"/>
        <line num="41" count="1" type="stmt"/>
        <line num="42" count="1" type="stmt"/>
        <line num="43" count="1" type="cond" truecount="1" falsecount="0"/>
        <line num="44" count="1" type="stmt"/>
        <line num="45" count="1" type="stmt"/>
        <line num="46" count="1" type="stmt"/>
        <line num="47" count="1" type="stmt"/>
        <line num="48" count="1" type="stmt"/>
        <line num="49" count="1" type="stmt"/>
        <line num="50" count="1" type="stmt"/>
        <line num="51" count="1" type="cond" truecount="2" falsecount="0"/>
        <line num="52" count="1" type="stmt"/>
        <line num="53" count="1" type="stmt"/>
        <line num="54" count="1" type="stmt"/>
        <line num="55" count="1" type="stmt"/>
        <line num="56" count="1" type="stmt"/>
        <line num="57" count="1" type="stmt"/>
        <line num="58" count="1" type="stmt"/>
        <line num="59" count="1" type="stmt"/>
        <line num="60" count="1" type="stmt"/>
        <line num="61" count="1" type="stmt"/>
        <line num="62" count="1" type="stmt"/>
        <line num="63" count="1" type="stmt"/>
        <line num="64" count="1" type="stmt"/>
        <line num="65" count="1" type="stmt"/>
        <line num="69" count="1" type="stmt"/>
        <line num="70" count="1" type="stmt"/>
        <line num="71" count="1" type="stmt"/>
        <line num="72" count="1" type="cond" truecount="2" falsecount="0"/>
        <line num="73" count="1" type="cond" truecount="1" falsecount="0"/>
        <line num="74" count="1" type="stmt"/>
        <line num="75" count="1" type="stmt"/>
        <line num="77" count="1" type="stmt"/>
        <line num="78" count="1" type="stmt"/>
        <line num="79" count="1" type="stmt"/>
        <line num="80" count="1" type="stmt"/>
        <line num="81" count="1" type="stmt"/>
        <line num="82" count="1" type="stmt"/>
        <line num="83" count="1" type="stmt"/>
        <line num="84" count="1" type="stmt"/>
        <line num="86" count="1" type="stmt"/>
        <line num="87" count="1" type="cond" truecount="2" falsecount="0"/>
        <line num="88" count="1" type="stmt"/>
        <line num="89" count="1" type="stmt"/>
        <line num="90" count="1" type="stmt"/>
        <line num="91" count="1" type="stmt"/>
        <line num="92" count="1" type="cond" truecount="2" falsecount="0"/>
        <line num="93" count="1" type="stmt"/>
        <line num="95" count="1" type="stmt"/>
        <line num="96" count="1" type="stmt"/>
        <line num="97" count="1" type="stmt"/>
        <line num="98" count="1" type="stmt"/>
        <line num="99" count="1" type="cond" truecount="2" falsecount="0"/>
        <line num="100" count="1" type="stmt"/>
        <line num="102" count="1" type="stmt"/>
        <line num="104" count="1" type="stmt"/>
        <line num="108" count="1" type="stmt"/>
        <line num="109" count="1" type="stmt"/>
        <line num="111" count="1" type="stmt"/>
        <line num="113" count="1" type="stmt"/>
        <line num="119" count="1" type="stmt"/>
        <line num="121" count="1" type="stmt"/>
        <line num="122" count="1" type="stmt"/>
        <line num="123" count="1" type="stmt"/>
        <line num="124" count="1" type="stmt"/>
        <line num="125" count="1" type="stmt"/>
        <line num="126" count="1" type="stmt"/>
        <line num="128" count="1" type="cond" truecount="1" falsecount="0"/>
        <line num="130" count="1" type="cond" truecount="2" falsecount="0"/>
        <line num="131" count="11" type="stmt"/>
        <line num="132" count="11" type="stmt"/>
        <line num="133" count="11" type="stmt"/>
        <line num="134" count="11" type="stmt"/>
        <line num="135" count="11" type="stmt"/>
        <line num="136" count="11" type="stmt"/>
        <line num="137" count="11" type="stmt"/>
        <line num="138" count="11" type="cond" truecount="2" falsecount="0"/>
        <line num="139" count="11" type="stmt"/>
        <line num="140" count="11" type="stmt"/>
        <line num="141" count="11" type="stmt"/>
        <line num="143" count="4" type="cond" truecount="1" falsecount="0"/>
        <line num="144" count="4" type="cond" truecount="2" falsecount="0"/>
        <line num="145" count="3" type="stmt"/>
        <line num="146" count="4" type="cond" truecount="1" falsecount="0"/>
        <line num="147" count="2" type="stmt"/>
        <line num="148" count="4" type="cond" truecount="1" falsecount="0"/>
        <line num="149" count="1" type="stmt"/>
        <line num="150" count="1" type="cond" truecount="1" falsecount="0"/>
        <line num="151" count="3" type="stmt"/>
        <line num="152" count="3" type="stmt"/>
        <line num="154" count="15" type="cond" truecount="1" falsecount="0"/>
        <line num="155" count="15" type="cond" truecount="0" falsecount="1"/>
        <line num="156" count="15" type="cond" truecount="2" falsecount="0"/>
        <line num="157" count="15" type="cond" truecount="1" falsecount="0"/>
        <line num="158" count="1" type="stmt"/>
        <line num="159" count="1" type="stmt"/>
        <line num="160" count="1" type="cond" truecount="1" falsecount="0"/>
        <line num="161" count="15" type="cond" truecount="1" falsecount="0"/>
        <line num="162" count="1" type="stmt"/>
        <line num="163" count="1" type="stmt"/>
        <line num="164" count="1" type="cond" truecount="1" falsecount="0"/>
        <line num="165" count="12" type="stmt"/>
        <line num="166" count="12" type="stmt"/>
        <line num="167" count="12" type="stmt"/>
        <line num="169" count="1" type="cond" truecount="1" falsecount="0"/>
        <line num="170" count="1" type="cond" truecount="1" falsecount="0"/>
        <line num="171" count="1" type="stmt"/>
        <line num="173" count="2" type="cond" truecount="1" falsecount="0"/>
        <line num="174" count="2" type="stmt"/>
        <line num="175" count="2" type="stmt"/>
        <line num="176" count="2" type="stmt"/>
        <line num="177" count="2" type="stmt"/>
        <line num="178" count="2" type="cond" truecount="1" falsecount="0"/>
        <line num="179" count="2" type="stmt"/>
        <line num="180" count="2" type="stmt"/>
        <line num="181" count="2" type="stmt"/>
        <line num="182" count="2" type="stmt"/>
        <line num="183" count="2" type="stmt"/>
      </file>
      <file name="OneClickFillDialog.vue" path="/home/dev/social-auto-upload-web-ui/.worktrees/feature-20260820-phase3/frontend/src/components/OneClickFillDialog.vue">
        <metrics statements="114" coveredstatements="114" conditionals="41" coveredconditionals="35" methods="9" coveredmethods="7"/>
        <line num="1" count="1" type="stmt"/>
        <line num="2" count="1" type="stmt"/>
        <line num="3" count="1" type="stmt"/>
        <line num="4" count="1" type="cond" truecount="1" falsecount="0"/>
        <line num="5" count="1" type="stmt"/>
        <line num="6" count="1" type="stmt"/>
        <line num="7" count="1" type="stmt"/>
        <line num="9" count="1" type="stmt"/>
        <line num="10" count="1" type="stmt"/>
        <line num="11" count="1" type="cond" truecount="1" falsecount="0"/>
        <line num="12" count="1" type="cond" truecount="2" falsecount="0"/>
        <line num="13" count="1" type="stmt"/>
        <line num="14" count="1" type="cond" truecount="1" falsecount="0"/>
        <line num="15" count="1" type="stmt"/>
        <line num="16" count="1" type="stmt"/>
        <line num="17" count="1" type="stmt"/>
        <line num="18" count="1" type="stmt"/>
        <line num="19" count="1" type="stmt"/>
        <line num="20" count="1" type="stmt"/>
        <line num="21" count="1" type="stmt"/>
        <line num="22" count="1" type="cond" truecount="0" falsecount="1"/>
        <line num="23" count="1" type="cond" truecount="1" falsecount="0"/>
        <line num="24" count="1" type="stmt"/>
        <line num="25" count="1" type="cond" truecount="1" falsecount="1"/>
        <line num="26" count="1" type="cond" truecount="1" falsecount="0"/>
        <line num="27" count="1" type="stmt"/>
        <line num="28" count="1" type="stmt"/>
        <line num="29" count="1" type="stmt"/>
        <line num="30" count="1" type="stmt"/>
        <line num="31" count="1" type="stmt"/>
        <line num="32" count="1" type="stmt"/>
        <line num="34" count="1" type="stmt"/>
        <line num="35" count="1" type="stmt"/>
        <line num="36" count="1" type="cond" truecount="2" falsecount="0"/>
        <line num="37" count="1" type="cond" truecount="1" falsecount="0"/>
        <line num="38" count="1" type="stmt"/>
        <line num="39" count="1" type="stmt"/>
        <line num="40" count="1" type="stmt"/>
        <line num="41" count="1" type="stmt"/>
        <line num="42" count="1" type="stmt"/>
        <line num="43" count="1" type="stmt"/>
        <line num="44" count="1" type="stmt"/>
        <line num="48" count="1" type="stmt"/>
        <line num="49" count="1" type="stmt"/>
        <line num="50" count="1" type="stmt"/>
        <line num="52" count="1" type="stmt"/>
        <line num="56" count="1" type="stmt"/>
        <line num="58" count="1" type="stmt"/>
        <line num="59" count="1" type="stmt"/>
        <line num="60" count="1" type="stmt"/>
        <line num="61" count="1" type="stmt"/>
        <line num="62" count="1" type="stmt"/>
        <line num="64" count="11" type="cond" truecount="1" falsecount="0"/>
        <line num="65" count="11" type="cond" truecount="0" falsecount="1"/>
        <line num="66" count="11" type="stmt"/>
        <line num="67" count="11" type="stmt"/>
        <line num="68" count="11" type="stmt"/>
        <line num="69" count="11" type="cond" truecount="2" falsecount="0"/>
        <line num="70" count="11" type="cond" truecount="2" falsecount="0"/>
        <line num="71" count="11" type="cond" truecount="1" falsecount="0"/>
        <line num="72" count="11" type="cond" truecount="1" falsecount="0"/>
        <line num="73" count="1" type="stmt"/>
        <line num="74" count="1" type="stmt"/>
        <line num="76" count="4" type="cond" truecount="1" falsecount="0"/>
        <line num="77" count="4" type="cond" truecount="0" falsecount="1"/>
        <line num="78" count="4" type="stmt"/>
        <line num="79" count="4" type="stmt"/>
        <line num="81" count="11" type="cond" truecount="1" falsecount="0"/>
        <line num="82" count="11" type="stmt"/>
        <line num="83" count="11" type="stmt"/>
        <line num="84" count="11" type="stmt"/>
        <line num="85" count="11" type="stmt"/>
        <line num="86" count="11" type="cond" truecount="1" falsecount="0"/>
        <line num="87" count="11" type="cond" truecount="0" falsecount="1"/>
        <line num="88" count="11" type="cond" truecount="1" falsecount="0"/>
        <line num="89" count="10" type="cond" truecount="2" falsecount="0"/>
        <line num="90" count="4" type="stmt"/>
        <line num="91" count="10" type="cond" truecount="3" falsecount="0"/>
        <line num="92" count="3" type="stmt"/>
        <line num="93" count="3" type="cond" truecount="1" falsecount="0"/>
        <line num="94" count="2" type="stmt"/>
        <line num="95" count="3" type="cond" truecount="1" falsecount="0"/>
        <line num="96" count="1" type="stmt"/>
        <line num="97" count="1" type="stmt"/>
        <line num="98" count="1" type="cond" truecount="0" falsecount="1"/>
        <line num="99" count="1" type="stmt"/>
        <line num="100" count="1" type="stmt"/>
        <line num="101" count="1" type="stmt"/>
        <line num="102" count="3" type="cond" truecount="1" falsecount="0"/>
        <line num="103" count="1" type="stmt"/>
        <line num="104" count="1" type="stmt"/>
        <line num="105" count="3" type="stmt"/>
        <line num="106" count="3" type="stmt"/>
        <line num="107" count="3" type="stmt"/>
        <line num="108" count="10" type="stmt"/>
        <line num="109" count="10" type="stmt"/>
        <line num="110" count="11" type="cond" truecount="1" falsecount="0"/>
        <line num="111" count="11" type="cond" truecount="1" falsecount="0"/>
        <line num="112" count="1" type="stmt"/>
        <line num="113" count="1" type="stmt"/>
        <line num="114" count="11" type="stmt"/>
        <line num="115" count="11" type="stmt"/>
        <line num="116" count="11" type="stmt"/>
        <line num="117" count="11" type="stmt"/>
        <line num="119" count="1" type="cond" truecount="2" falsecount="0"/>
        <line num="120" count="10" type="stmt"/>
        <line num="121" count="10" type="stmt"/>
        <line num="122" count="10" type="stmt"/>
        <line num="123" count="10" type="stmt"/>
        <line num="124" count="10" type="stmt"/>
        <line num="126" count="1" type="cond" truecount="1" falsecount="0"/>
        <line num="127" count="1" type="stmt"/>
        <line num="128" count="1" type="stmt"/>
        <line num="129" count="1" type="stmt"/>
      </file>
      <file name="PublishStats.vue" path="/home/dev/social-auto-upload-web-ui/.worktrees/feature-20260820-phase3/frontend/src/components/PublishStats.vue">
        <metrics statements="40" coveredstatements="40" conditionals="10" coveredconditionals="10" methods="2" coveredmethods="2"/>
        <line num="1" count="1" type="stmt"/>
        <line num="2" count="1" type="stmt"/>
        <line num="3" count="1" type="stmt"/>
        <line num="4" count="1" type="stmt"/>
        <line num="5" count="1" type="stmt"/>
        <line num="6" count="1" type="stmt"/>
        <line num="7" count="1" type="stmt"/>
        <line num="15" count="1" type="stmt"/>
        <line num="16" count="1" type="stmt"/>
        <line num="17" count="1" type="stmt"/>
        <line num="18" count="1" type="stmt"/>
        <line num="20" count="1" type="stmt"/>
        <line num="21" count="1" type="cond" truecount="2" falsecount="0"/>
        <line num="22" count="1" type="stmt"/>
        <line num="23" count="1" type="stmt"/>
        <line num="24" count="1" type="stmt"/>
        <line num="25" count="1" type="stmt"/>
        <line num="26" count="1" type="stmt"/>
        <line num="27" count="1" type="stmt"/>
        <line num="28" count="1" type="stmt"/>
        <line num="29" count="1" type="stmt"/>
        <line num="33" count="1" type="stmt"/>
        <line num="35" count="1" type="stmt"/>
        <line num="43" count="1" type="stmt"/>
        <line num="44" count="1" type="stmt"/>
        <line num="45" count="1" type="stmt"/>
        <line num="46" count="1" type="stmt"/>
        <line num="47" count="1" type="stmt"/>
        <line num="48" count="1" type="stmt"/>
        <line num="50" count="28" type="cond" truecount="1" falsecount="0"/>
        <line num="51" count="28" type="cond" truecount="2" falsecount="0"/>
        <line num="52" count="28" type="cond" truecount="1" falsecount="0"/>
        <line num="53" count="18" type="cond" truecount="2" falsecount="0"/>
        <line num="54" count="16" type="stmt"/>
        <line num="55" count="16" type="cond" truecount="1" falsecount="0"/>
        <line num="56" count="2" type="stmt"/>
        <line num="57" count="2" type="stmt"/>
        <line num="59" count="28" type="cond" truecount="1" falsecount="0"/>
        <line num="60" count="28" type="stmt"/>
        <line num="61" count="28" type="stmt"/>
      </file>
    </package>
    <package name="composables">
      <metrics statements="479" coveredstatements="411" conditionals="396" coveredconditionals="388" methods="27" coveredmethods="26"/>
      <file name="useAutoSave.js" path="/home/dev/social-auto-upload-web-ui/.worktrees/feature-20260820-phase3/frontend/src/composables/useAutoSave.js">
        <metrics statements="37" coveredstatements="37" conditionals="14" coveredconditionals="14" methods="3" coveredmethods="3"/>
        <line num="1" count="1" type="stmt"/>
        <line num="4" count="1" type="cond" truecount="1" falsecount="0"/>
        <line num="5" count="8" type="stmt"/>
        <line num="6" count="8" type="stmt"/>
        <line num="7" count="8" type="stmt"/>
        <line num="9" count="8" type="cond" truecount="1" falsecount="0"/>
        <line num="10" count="10" type="stmt"/>
        <line num="11" count="10" type="cond" truecount="2" falsecount="0"/>
        <line num="12" count="9" type="cond" truecount="1" falsecount="0"/>
        <line num="13" count="8" type="cond" truecount="1" falsecount="0"/>
        <line num="14" count="6" type="stmt"/>
        <line num="15" count="6" type="stmt"/>
        <line num="16" count="6" type="stmt"/>
        <line num="17" count="9" type="stmt"/>
        <line num="18" count="10" type="stmt"/>
        <line num="20" count="8" type="cond" truecount="1" falsecount="0"/>
        <line num="21" count="13" type="cond" truecount="1" falsecount="0"/>
        <line num="22" count="4" type="stmt"/>
        <line num="23" count="4" type="stmt"/>
        <line num="24" count="4" type="stmt"/>
        <line num="25" count="13" type="stmt"/>
        <line num="27" count="8" type="cond" truecount="2" falsecount="0"/>
        <line num="28" count="2" type="cond" truecount="1" falsecount="0"/>
        <line num="29" count="1" type="stmt"/>
        <line num="30" count="8" type="stmt"/>
        <line num="32" count="8" type="cond" truecount="2" falsecount="0"/>
        <line num="33" count="1" type="stmt"/>
        <line num="34" count="8" type="stmt"/>
        <line num="36" count="8" type="cond" truecount="1" falsecount="0"/>
        <line num="37" count="1" type="stmt"/>
        <line num="38" count="8" type="stmt"/>
        <line num="40" count="8" type="stmt"/>
        <line num="41" count="8" type="stmt"/>
        <line num="42" count="8" type="stmt"/>
        <line num="43" count="8" type="stmt"/>
        <line num="44" count="8" type="stmt"/>
        <line num="45" count="8" type="stmt"/>
      </file>
      <file name="useBatchSetApply.js" path="/home/dev/social-auto-upload-web-ui/.worktrees/feature-20260820-phase3/frontend/src/composables/useBatchSetApply.js">
        <metrics statements="49" coveredstatements="49" conditionals="33" coveredconditionals="32" methods="2" coveredmethods="2"/>
        <line num="1" count="1" type="stmt"/>
        <line num="3" count="1" type="stmt"/>
        <line num="4" count="1" type="stmt"/>
        <line num="5" count="1" type="stmt"/>
        <line num="6" count="1" type="stmt"/>
        <line num="7" count="1" type="stmt"/>
        <line num="8" count="1" type="stmt"/>
        <line num="9" count="1" type="stmt"/>
        <line num="10" count="1" type="stmt"/>
        <line num="11" count="1" type="stmt"/>
        <line num="12" count="1" type="stmt"/>
        <line num="13" count="1" type="stmt"/>
        <line num="14" count="1" type="stmt"/>
        <line num="15" count="1" type="cond" truecount="1" falsecount="0"/>
        <line num="16" count="12" type="cond" truecount="1" falsecount="0"/>
        <line num="17" count="12" type="stmt"/>
        <line num="18" count="12" type="cond" truecount="1" falsecount="0"/>
        <line num="19" count="12" type="cond" truecount="2" falsecount="0"/>
        <line num="20" count="12" type="cond" truecount="1" falsecount="0"/>
        <line num="22" count="12" type="stmt"/>
        <line num="23" count="12" type="stmt"/>
        <line num="24" count="12" type="cond" truecount="1" falsecount="0"/>
        <line num="25" count="12" type="cond" truecount="1" falsecount="0"/>
        <line num="26" count="12" type="stmt"/>
        <line num="27" count="12" type="stmt"/>
        <line num="29" count="12" type="cond" truecount="1" falsecount="0"/>
        <line num="30" count="13" type="stmt"/>
        <line num="31" count="13" type="cond" truecount="1" falsecount="0"/>
        <line num="32" count="13" type="cond" truecount="2" falsecount="0"/>
        <line num="33" count="13" type="cond" truecount="2" falsecount="0"/>
        <line num="34" count="13" type="cond" truecount="2" falsecount="0"/>
        <line num="35" count="13" type="cond" truecount="2" falsecount="0"/>
        <line num="37" count="13" type="stmt"/>
        <line num="38" count="13" type="stmt"/>
        <line num="39" count="13" type="stmt"/>
        <line num="40" count="13" type="stmt"/>
        <line num="41" count="13" type="cond" truecount="2" falsecount="0"/>
        <line num="42" count="13" type="cond" truecount="1" falsecount="1"/>
        <line num="43" count="13" type="cond" truecount="1" falsecount="0"/>
        <line num="44" count="21" type="cond" truecount="1" falsecount="0"/>
        <line num="45" count="21" type="cond" truecount="2" falsecount="0"/>
        <line num="46" count="21" type="cond" truecount="2" falsecount="0"/>
        <line num="47" count="21" type="cond" truecount="2" falsecount="0"/>
        <line num="48" count="21" type="cond" truecount="2" falsecount="0"/>
        <line num="49" count="21" type="cond" truecount="1" falsecount="0"/>
        <line num="50" count="12" type="stmt"/>
        <line num="51" count="12" type="stmt"/>
        <line num="53" count="12" type="stmt"/>
        <line num="54" count="12" type="stmt"/>
      </file>
      <file name="useChannelForm.js" path="/home/dev/social-auto-upload-web-ui/.worktrees/feature-20260820-phase3/frontend/src/composables/useChannelForm.js">
        <metrics statements="180" coveredstatements="178" conditionals="76" coveredconditionals="70" methods="19" coveredmethods="19"/>
        <line num="1" count="1" type="stmt"/>
        <line num="3" count="1" type="stmt"/>
        <line num="4" count="1" type="stmt"/>
        <line num="5" count="1" type="stmt"/>
        <line num="6" count="1" type="stmt"/>
        <line num="7" count="1" type="stmt"/>
        <line num="8" count="1" type="stmt"/>
        <line num="9" count="1" type="stmt"/>
        <line num="10" count="1" type="stmt"/>
        <line num="11" count="1" type="stmt"/>
        <line num="12" count="1" type="stmt"/>
        <line num="13" count="1" type="cond" truecount="1" falsecount="0"/>
        <line num="14" count="21" type="stmt"/>
        <line num="15" count="21" type="stmt"/>
        <line num="16" count="21" type="stmt"/>
        <line num="17" count="21" type="stmt"/>
        <line num="19" count="21" type="stmt"/>
        <line num="21" count="21" type="stmt"/>
        <line num="22" count="21" type="cond" truecount="1" falsecount="0"/>
        <line num="23" count="20" type="cond" truecount="3" falsecount="0"/>
        <line num="24" count="20" type="cond" truecount="2" falsecount="0"/>
        <line num="25" count="16" type="stmt"/>
        <line num="26" count="20" type="stmt"/>
        <line num="28" count="21" type="cond" truecount="1" falsecount="0"/>
        <line num="29" count="5" type="stmt"/>
        <line num="30" count="5" type="stmt"/>
        <line num="32" count="21" type="cond" truecount="1" falsecount="0"/>
        <line num="33" count="21" type="cond" truecount="1" falsecount="0"/>
        <line num="34" count="21" type="stmt"/>
        <line num="35" count="21" type="stmt"/>
        <line num="36" count="21" type="cond" truecount="1" falsecount="0"/>
        <line num="37" count="126" type="cond" truecount="2" falsecount="0"/>
        <line num="38" count="126" type="stmt"/>
        <line num="39" count="21" type="cond" truecount="1" falsecount="0"/>
        <line num="40" count="7" type="cond" truecount="2" falsecount="0"/>
        <line num="41" count="7" type="stmt"/>
        <line num="42" count="21" type="stmt"/>
        <line num="43" count="21" type="stmt"/>
        <line num="45" count="21" type="cond" truecount="1" falsecount="0"/>
        <line num="46" count="27" type="stmt"/>
        <line num="47" count="27" type="stmt"/>
        <line num="48" count="27" type="stmt"/>
        <line num="49" count="27" type="cond" truecount="1" falsecount="0"/>
        <line num="50" count="162" type="cond" truecount="0" falsecount="1"/>
        <line num="51" count="162" type="stmt"/>
        <line num="52" count="27" type="stmt"/>
        <line num="53" count="27" type="stmt"/>
        <line num="54" count="27" type="stmt"/>
        <line num="56" count="21" type="stmt"/>
        <line num="57" count="21" type="cond" truecount="2" falsecount="0"/>
        <line num="58" count="22" type="cond" truecount="2" falsecount="0"/>
        <line num="59" count="21" type="stmt"/>
        <line num="61" count="21" type="stmt"/>
        <line num="62" count="21" type="cond" truecount="1" falsecount="0"/>
        <line num="63" count="12" type="cond" truecount="0" falsecount="1"/>
        <line num="64" count="12" type="cond" truecount="1" falsecount="0"/>
        <line num="65" count="4" type="cond" truecount="1" falsecount="0"/>
        <line num="66" count="24" type="cond" truecount="1" falsecount="0"/>
        <line num="67" count="4" type="stmt"/>
        <line num="68" count="24" type="cond" truecount="1" falsecount="0"/>
        <line num="69" count="20" type="stmt"/>
        <line num="70" count="20" type="stmt"/>
        <line num="71" count="24" type="stmt"/>
        <line num="72" count="12" type="cond" truecount="1" falsecount="0"/>
        <line num="73" count="8" type="stmt"/>
        <line num="74" count="8" type="cond" truecount="1" falsecount="0"/>
        <line num="75" count="48" type="stmt"/>
        <line num="76" count="48" type="stmt"/>
        <line num="77" count="48" type="cond" truecount="2" falsecount="0"/>
        <line num="78" count="8" type="cond" truecount="0" falsecount="1"/>
        <line num="79" count="0" type="stmt"/>
        <line num="80" count="0" type="stmt"/>
        <line num="81" count="48" type="cond" truecount="2" falsecount="0"/>
        <line num="82" count="5" type="stmt"/>
        <line num="83" count="5" type="stmt"/>
        <line num="84" count="48" type="stmt"/>
        <line num="85" count="8" type="cond" truecount="2" falsecount="0"/>
        <line num="86" count="5" type="cond" truecount="1" falsecount="0"/>
        <line num="87" count="5" type="stmt"/>
        <line num="88" count="8" type="cond" truecount="1" falsecount="0"/>
        <line num="89" count="3" type="stmt"/>
        <line num="90" count="3" type="stmt"/>
        <line num="91" count="8" type="stmt"/>
        <line num="92" count="12" type="stmt"/>
        <line num="93" count="21" type="stmt"/>
        <line num="95" count="21" type="stmt"/>
        <line num="96" count="21" type="cond" truecount="1" falsecount="0"/>
        <line num="97" count="2" type="stmt"/>
        <line num="98" count="2" type="stmt"/>
        <line num="100" count="21" type="cond" truecount="1" falsecount="0"/>
        <line num="101" count="1" type="stmt"/>
        <line num="102" count="1" type="stmt"/>
        <line num="103" count="1" type="stmt"/>
        <line num="104" count="1" type="stmt"/>
        <line num="105" count="1" type="stmt"/>
        <line num="106" count="1" type="stmt"/>
        <line num="108" count="21" type="stmt"/>
        <line num="109" count="21" type="stmt"/>
        <line num="110" count="21" type="cond" truecount="1" falsecount="0"/>
        <line num="111" count="2" type="cond" truecount="1" falsecount="0"/>
        <line num="112" count="1" type="stmt"/>
        <line num="113" count="1" type="stmt"/>
        <line num="114" count="21" type="stmt"/>
        <line num="116" count="21" type="cond" truecount="1" falsecount="0"/>
        <line num="117" count="1" type="stmt"/>
        <line num="118" count="1" type="stmt"/>
        <line num="119" count="1" type="stmt"/>
        <line num="120" count="1" type="stmt"/>
        <line num="121" count="21" type="stmt"/>
        <line num="123" count="21" type="cond" truecount="1" falsecount="0"/>
        <line num="124" count="1" type="cond" truecount="1" falsecount="0"/>
        <line num="125" count="1" type="stmt"/>
        <line num="126" count="1" type="stmt"/>
        <line num="127" count="1" type="stmt"/>
        <line num="128" count="1" type="cond" truecount="0" falsecount="1"/>
        <line num="129" count="21" type="stmt"/>
        <line num="131" count="21" type="cond" truecount="1" falsecount="0"/>
        <line num="132" count="2" type="cond" truecount="1" falsecount="0"/>
        <line num="133" count="2" type="stmt"/>
        <line num="134" count="21" type="stmt"/>
        <line num="136" count="21" type="cond" truecount="1" falsecount="0"/>
        <line num="137" count="1" type="stmt"/>
        <line num="138" count="1" type="stmt"/>
        <line num="139" count="21" type="stmt"/>
        <line num="141" count="21" type="cond" truecount="1" falsecount="0"/>
        <line num="142" count="1" type="stmt"/>
        <line num="143" count="1" type="stmt"/>
        <line num="144" count="21" type="stmt"/>
        <line num="146" count="21" type="cond" truecount="1" falsecount="0"/>
        <line num="147" count="3" type="cond" truecount="2" falsecount="0"/>
        <line num="148" count="2" type="stmt"/>
        <line num="149" count="2" type="stmt"/>
        <line num="150" count="3" type="cond" truecount="3" falsecount="0"/>
        <line num="151" count="2" type="stmt"/>
        <line num="152" count="21" type="stmt"/>
        <line num="154" count="21" type="cond" truecount="1" falsecount="0"/>
        <line num="155" count="2" type="cond" truecount="1" falsecount="0"/>
        <line num="156" count="4" type="cond" truecount="2" falsecount="0"/>
        <line num="157" count="4" type="cond" truecount="2" falsecount="0"/>
        <line num="158" count="4" type="cond" truecount="2" falsecount="0"/>
        <line num="159" count="4" type="stmt"/>
        <line num="160" count="2" type="stmt"/>
        <line num="161" count="21" type="stmt"/>
        <line num="163" count="21" type="cond" truecount="1" falsecount="0"/>
        <line num="164" count="3" type="cond" truecount="1" falsecount="0"/>
        <line num="165" count="3" type="stmt"/>
        <line num="166" count="3" type="cond" truecount="1" falsecount="0"/>
        <line num="167" count="2" type="cond" truecount="0" falsecount="1"/>
        <line num="168" count="2" type="cond" truecount="0" falsecount="1"/>
        <line num="169" count="2" type="stmt"/>
        <line num="170" count="3" type="cond" truecount="1" falsecount="0"/>
        <line num="171" count="2" type="stmt"/>
        <line num="172" count="3" type="cond" truecount="1" falsecount="0"/>
        <line num="173" count="1" type="stmt"/>
        <line num="174" count="1" type="stmt"/>
        <line num="175" count="3" type="stmt"/>
        <line num="176" count="3" type="stmt"/>
        <line num="177" count="3" type="stmt"/>
        <line num="178" count="3" type="stmt"/>
        <line num="179" count="21" type="stmt"/>
        <line num="181" count="21" type="cond" truecount="1" falsecount="0"/>
        <line num="182" count="1" type="stmt"/>
        <line num="183" count="1" type="cond" truecount="1" falsecount="0"/>
        <line num="184" count="1" type="cond" truecount="1" falsecount="0"/>
        <line num="185" count="21" type="stmt"/>
        <line num="187" count="21" type="stmt"/>
        <line num="188" count="21" type="stmt"/>
        <line num="190" count="21" type="stmt"/>
        <line num="191" count="21" type="stmt"/>
        <line num="192" count="21" type="stmt"/>
        <line num="193" count="21" type="stmt"/>
        <line num="194" count="21" type="stmt"/>
        <line num="195" count="21" type="stmt"/>
        <line num="196" count="21" type="stmt"/>
        <line num="197" count="21" type="stmt"/>
        <line num="198" count="21" type="stmt"/>
        <line num="199" count="21" type="stmt"/>
        <line num="200" count="21" type="stmt"/>
        <line num="201" count="21" type="stmt"/>
        <line num="202" count="21" type="stmt"/>
      </file>
      <file name="useConfigMerge.js" path="/home/dev/social-auto-upload-web-ui/.worktrees/feature-20260820-phase3/frontend/src/composables/useConfigMerge.js">
        <metrics statements="147" coveredstatements="147" conditionals="272" coveredconditionals="272" methods="2" coveredmethods="2"/>
        <line num="1" count="1" type="stmt"/>
        <line num="2" count="1" type="stmt"/>
        <line num="3" count="1" type="stmt"/>
        <line num="4" count="1" type="stmt"/>
        <line num="5" count="1" type="stmt"/>
        <line num="7" count="1" type="stmt"/>
        <line num="8" count="1" type="stmt"/>
        <line num="9" count="1" type="stmt"/>
        <line num="10" count="1" type="stmt"/>
        <line num="11" count="1" type="stmt"/>
        <line num="12" count="1" type="stmt"/>
        <line num="13" count="1" type="stmt"/>
        <line num="14" count="15" type="cond" truecount="1" falsecount="0"/>
        <line num="15" count="15" type="cond" truecount="2" falsecount="0"/>
        <line num="16" count="2" type="stmt"/>
        <line num="17" count="2" type="cond" truecount="1" falsecount="0"/>
        <line num="18" count="2" type="cond" truecount="1" falsecount="0"/>
        <line num="19" count="15" type="cond" truecount="2" falsecount="0"/>
        <line num="20" count="1" type="stmt"/>
        <line num="21" count="1" type="cond" truecount="1" falsecount="0"/>
        <line num="22" count="15" type="cond" truecount="2" falsecount="0"/>
        <line num="23" count="15" type="stmt"/>
        <line num="25" count="15" type="cond" truecount="1" falsecount="0"/>
        <line num="26" count="15" type="stmt"/>
        <line num="27" count="15" type="stmt"/>
        <line num="28" count="15" type="cond" truecount="6" falsecount="0"/>
        <line num="29" count="15" type="cond" truecount="3" falsecount="0"/>
        <line num="30" count="15" type="cond" truecount="5" falsecount="0"/>
        <line num="31" count="15" type="stmt"/>
        <line num="32" count="15" type="cond" truecount="2" falsecount="0"/>
        <line num="33" count="15" type="cond" truecount="2" falsecount="0"/>
        <line num="34" count="15" type="cond" truecount="2" falsecount="0"/>
        <line num="35" count="15" type="cond" truecount="2" falsecount="0"/>
        <line num="36" count="15" type="cond" truecount="2" falsecount="0"/>
        <line num="37" count="15" type="cond" truecount="2" falsecount="0"/>
        <line num="38" count="15" type="stmt"/>
        <line num="39" count="15" type="cond" truecount="3" falsecount="0"/>
        <line num="40" count="15" type="stmt"/>
        <line num="41" count="15" type="stmt"/>
        <line num="42" count="15" type="stmt"/>
        <line num="43" count="15" type="stmt"/>
        <line num="44" count="15" type="cond" truecount="3" falsecount="0"/>
        <line num="45" count="15" type="cond" truecount="3" falsecount="0"/>
        <line num="46" count="15" type="stmt"/>
        <line num="47" count="15" type="cond" truecount="3" falsecount="0"/>
        <line num="48" count="15" type="stmt"/>
        <line num="49" count="15" type="cond" truecount="3" falsecount="0"/>
        <line num="50" count="15" type="cond" truecount="3" falsecount="0"/>
        <line num="51" count="15" type="cond" truecount="3" falsecount="0"/>
        <line num="52" count="15" type="cond" truecount="3" falsecount="0"/>
        <line num="53" count="15" type="cond" truecount="3" falsecount="0"/>
        <line num="54" count="15" type="cond" truecount="3" falsecount="0"/>
        <line num="55" count="15" type="stmt"/>
        <line num="56" count="15" type="cond" truecount="3" falsecount="0"/>
        <line num="57" count="15" type="stmt"/>
        <line num="58" count="15" type="cond" truecount="3" falsecount="0"/>
        <line num="59" count="15" type="stmt"/>
        <line num="60" count="15" type="stmt"/>
        <line num="61" count="15" type="cond" truecount="3" falsecount="0"/>
        <line num="62" count="15" type="cond" truecount="3" falsecount="0"/>
        <line num="63" count="15" type="cond" truecount="3" falsecount="0"/>
        <line num="64" count="15" type="cond" truecount="3" falsecount="0"/>
        <line num="65" count="15" type="cond" truecount="3" falsecount="0"/>
        <line num="66" count="15" type="cond" truecount="3" falsecount="0"/>
        <line num="67" count="15" type="cond" truecount="3" falsecount="0"/>
        <line num="68" count="15" type="cond" truecount="3" falsecount="0"/>
        <line num="69" count="15" type="stmt"/>
        <line num="70" count="15" type="cond" truecount="3" falsecount="0"/>
        <line num="71" count="15" type="stmt"/>
        <line num="72" count="15" type="cond" truecount="3" falsecount="0"/>
        <line num="73" count="15" type="cond" truecount="3" falsecount="0"/>
        <line num="74" count="15" type="stmt"/>
        <line num="75" count="15" type="cond" truecount="3" falsecount="0"/>
        <line num="76" count="15" type="cond" truecount="3" falsecount="0"/>
        <line num="77" count="15" type="stmt"/>
        <line num="78" count="15" type="cond" truecount="3" falsecount="0"/>
        <line num="79" count="15" type="cond" truecount="3" falsecount="0"/>
        <line num="80" count="15" type="cond" truecount="3" falsecount="0"/>
        <line num="81" count="15" type="stmt"/>
        <line num="82" count="15" type="cond" truecount="3" falsecount="0"/>
        <line num="83" count="15" type="cond" truecount="3" falsecount="0"/>
        <line num="84" count="15" type="cond" truecount="3" falsecount="0"/>
        <line num="85" count="15" type="cond" truecount="3" falsecount="0"/>
        <line num="86" count="15" type="cond" truecount="3" falsecount="0"/>
        <line num="87" count="15" type="stmt"/>
        <line num="88" count="15" type="cond" truecount="3" falsecount="0"/>
        <line num="89" count="15" type="cond" truecount="3" falsecount="0"/>
        <line num="90" count="15" type="cond" truecount="3" falsecount="0"/>
        <line num="91" count="15" type="cond" truecount="3" falsecount="0"/>
        <line num="92" count="15" type="cond" truecount="3" falsecount="0"/>
        <line num="93" count="15" type="cond" truecount="3" falsecount="0"/>
        <line num="94" count="15" type="stmt"/>
        <line num="95" count="15" type="cond" truecount="3" falsecount="0"/>
        <line num="96" count="15" type="cond" truecount="3" falsecount="0"/>
        <line num="97" count="15" type="cond" truecount="3" falsecount="0"/>
        <line num="98" count="15" type="cond" truecount="3" falsecount="0"/>
        <line num="99" count="15" type="stmt"/>
        <line num="100" count="15" type="cond" truecount="3" falsecount="0"/>
        <line num="101" count="15" type="cond" truecount="3" falsecount="0"/>
        <line num="102" count="15" type="cond" truecount="3" falsecount="0"/>
        <line num="103" count="15" type="cond" truecount="3" falsecount="0"/>
        <line num="104" count="15" type="stmt"/>
        <line num="105" count="15" type="cond" truecount="3" falsecount="0"/>
        <line num="106" count="15" type="cond" truecount="3" falsecount="0"/>
        <line num="107" count="15" type="stmt"/>
        <line num="108" count="15" type="cond" truecount="3" falsecount="0"/>
        <line num="109" count="15" type="cond" truecount="3" falsecount="0"/>
        <line num="110" count="15" type="stmt"/>
        <line num="111" count="15" type="cond" truecount="3" falsecount="0"/>
        <line num="112" count="15" type="cond" truecount="3" falsecount="0"/>
        <line num="113" count="15" type="stmt"/>
        <line num="114" count="15" type="stmt"/>
        <line num="115" count="15" type="cond" truecount="3" falsecount="0"/>
        <line num="116" count="15" type="cond" truecount="3" falsecount="0"/>
        <line num="117" count="15" type="stmt"/>
        <line num="118" count="15" type="cond" truecount="3" falsecount="0"/>
        <line num="119" count="15" type="cond" truecount="3" falsecount="0"/>
        <line num="120" count="15" type="cond" truecount="3" falsecount="0"/>
        <line num="121" count="15" type="cond" truecount="3" falsecount="0"/>
        <line num="122" count="15" type="stmt"/>
        <line num="123" count="15" type="cond" truecount="3" falsecount="0"/>
        <line num="124" count="15" type="stmt"/>
        <line num="125" count="15" type="cond" truecount="3" falsecount="0"/>
        <line num="126" count="15" type="cond" truecount="3" falsecount="0"/>
        <line num="127" count="15" type="cond" truecount="3" falsecount="0"/>
        <line num="128" count="15" type="cond" truecount="3" falsecount="0"/>
        <line num="129" count="15" type="cond" truecount="3" falsecount="0"/>
        <line num="130" count="15" type="cond" truecount="3" falsecount="0"/>
        <line num="131" count="15" type="stmt"/>
        <line num="132" count="15" type="cond" truecount="3" falsecount="0"/>
        <line num="133" count="15" type="cond" truecount="3" falsecount="0"/>
        <line num="134" count="15" type="stmt"/>
        <line num="135" count="15" type="cond" truecount="3" falsecount="0"/>
        <line num="136" count="15" type="stmt"/>
        <line num="137" count="15" type="cond" truecount="3" falsecount="0"/>
        <line num="138" count="15" type="stmt"/>
        <line num="139" count="15" type="cond" truecount="3" falsecount="0"/>
        <line num="140" count="15" type="cond" truecount="3" falsecount="0"/>
        <line num="141" count="15" type="cond" truecount="3" falsecount="0"/>
        <line num="142" count="15" type="stmt"/>
        <line num="143" count="15" type="cond" truecount="3" falsecount="0"/>
        <line num="144" count="15" type="cond" truecount="3" falsecount="0"/>
        <line num="145" count="15" type="cond" truecount="3" falsecount="0"/>
        <line num="146" count="15" type="cond" truecount="3" falsecount="0"/>
        <line num="147" count="15" type="cond" truecount="4" falsecount="0"/>
        <line num="148" count="15" type="stmt"/>
        <line num="149" count="15" type="stmt"/>
      </file>
      <file name="useImageBatchSetApply.js" path="/home/dev/social-auto-upload-web-ui/.worktrees/feature-20260820-phase3/frontend/src/composables/useImageBatchSetApply.js">
        <metrics statements="66" coveredstatements="0" conditionals="1" coveredconditionals="0" methods="1" coveredmethods="0"/>
        <line num="1" count="0" type="cond" truecount="0" falsecount="1"/>
        <line num="3" count="0" type="stmt"/>
        <line num="4" count="0" type="stmt"/>
        <line num="5" count="0" type="stmt"/>
        <line num="6" count="0" type="stmt"/>
        <line num="7" count="0" type="stmt"/>
        <line num="8" count="0" type="stmt"/>
        <line num="9" count="0" type="stmt"/>
        <line num="10" count="0" type="stmt"/>
        <line num="11" count="0" type="stmt"/>
        <line num="12" count="0" type="stmt"/>
        <line num="13" count="0" type="stmt"/>
        <line num="14" count="0" type="stmt"/>
        <line num="15" count="0" type="stmt"/>
        <line num="16" count="0" type="stmt"/>
        <line num="17" count="0" type="stmt"/>
        <line num="18" count="0" type="stmt"/>
        <line num="19" count="0" type="stmt"/>
        <line num="20" count="0" type="stmt"/>
        <line num="21" count="0" type="stmt"/>
        <line num="22" count="0" type="stmt"/>
        <line num="23" count="0" type="stmt"/>
        <line num="24" count="0" type="stmt"/>
        <line num="26" count="0" type="stmt"/>
        <line num="27" count="0" type="stmt"/>
        <line num="28" count="0" type="stmt"/>
        <line num="29" count="0" type="stmt"/>
        <line num="30" count="0" type="stmt"/>
        <line num="31" count="0" type="stmt"/>
        <line num="32" count="0" type="stmt"/>
        <line num="34" count="0" type="stmt"/>
        <line num="35" count="0" type="stmt"/>
        <line num="36" count="0" type="stmt"/>
        <line num="37" count="0" type="stmt"/>
        <line num="38" count="0" type="stmt"/>
        <line num="39" count="0" type="stmt"/>
        <line num="40" count="0" type="stmt"/>
        <line num="41" count="0" type="stmt"/>
        <line num="42" count="0" type="stmt"/>
        <line num="43" count="0" type="stmt"/>
        <line num="44" count="0" type="stmt"/>
        <line num="46" count="0" type="stmt"/>
        <line num="47" count="0" type="stmt"/>
        <line num="48" count="0" type="stmt"/>
        <line num="49" count="0" type="stmt"/>
        <line num="50" count="0" type="stmt"/>
        <line num="51" count="0" type="stmt"/>
        <line num="53" count="0" type="stmt"/>
        <line num="54" count="0" type="stmt"/>
        <line num="55" count="0" type="stmt"/>
        <line num="56" count="0" type="stmt"/>
        <line num="58" count="0" type="stmt"/>
        <line num="59" count="0" type="stmt"/>
        <line num="61" count="0" type="stmt"/>
        <line num="62" count="0" type="stmt"/>
        <line num="63" count="0" type="stmt"/>
        <line num="64" count="0" type="stmt"/>
        <line num="65" count="0" type="stmt"/>
        <line num="66" count="0" type="stmt"/>
        <line num="67" count="0" type="stmt"/>
        <line num="68" count="0" type="stmt"/>
        <line num="69" count="0" type="stmt"/>
        <line num="70" count="0" type="stmt"/>
        <line num="71" count="0" type="stmt"/>
        <line num="73" count="0" type="stmt"/>
        <line num="74" count="0" type="stmt"/>
      </file>
    </package>
    <package name="stores">
      <metrics statements="523" coveredstatements="520" conditionals="129" coveredconditionals="118" methods="37" coveredmethods="37"/>
      <file name="account.js" path="/home/dev/social-auto-upload-web-ui/.worktrees/feature-20260820-phase3/frontend/src/stores/account.js">
        <metrics statements="79" coveredstatements="79" conditionals="32" coveredconditionals="28" methods="6" coveredmethods="6"/>
        <line num="1" count="1" type="stmt"/>
        <line num="6" count="1" type="cond" truecount="1" falsecount="0"/>
        <line num="7" count="14" type="stmt"/>
        <line num="8" count="14" type="stmt"/>
        <line num="9" count="14" type="stmt"/>
        <line num="10" count="14" type="stmt"/>
        <line num="11" count="14" type="cond" truecount="1" falsecount="0"/>
        <line num="12" count="10" type="stmt"/>
        <line num="13" count="10" type="stmt"/>
        <line num="14" count="10" type="cond" truecount="1" falsecount="0"/>
        <line num="15" count="17" type="stmt"/>
        <line num="16" count="17" type="stmt"/>
        <line num="17" count="17" type="cond" truecount="2" falsecount="0"/>
        <line num="18" count="15" type="cond" truecount="1" falsecount="0"/>
        <line num="19" count="17" type="cond" truecount="2" falsecount="0"/>
        <line num="20" count="1" type="stmt"/>
        <line num="21" count="1" type="stmt"/>
        <line num="22" count="17" type="stmt"/>
        <line num="23" count="17" type="stmt"/>
        <line num="24" count="17" type="stmt"/>
        <line num="25" count="17" type="stmt"/>
        <line num="26" count="17" type="stmt"/>
        <line num="27" count="17" type="cond" truecount="4" falsecount="0"/>
        <line num="28" count="17" type="cond" truecount="1" falsecount="0"/>
        <line num="29" count="17" type="cond" truecount="0" falsecount="1"/>
        <line num="30" count="17" type="cond" truecount="0" falsecount="1"/>
        <line num="31" count="17" type="cond" truecount="0" falsecount="1"/>
        <line num="32" count="17" type="cond" truecount="0" falsecount="1"/>
        <line num="33" count="17" type="stmt"/>
        <line num="34" count="17" type="cond" truecount="2" falsecount="0"/>
        <line num="35" count="17" type="stmt"/>
        <line num="36" count="10" type="stmt"/>
        <line num="37" count="10" type="stmt"/>
        <line num="38" count="14" type="stmt"/>
        <line num="39" count="14" type="stmt"/>
        <line num="40" count="14" type="cond" truecount="1" falsecount="0"/>
        <line num="41" count="1" type="stmt"/>
        <line num="42" count="1" type="stmt"/>
        <line num="43" count="14" type="stmt"/>
        <line num="44" count="14" type="stmt"/>
        <line num="45" count="14" type="cond" truecount="1" falsecount="0"/>
        <line num="46" count="2" type="cond" truecount="1" falsecount="0"/>
        <line num="47" count="2" type="cond" truecount="1" falsecount="0"/>
        <line num="48" count="1" type="stmt"/>
        <line num="49" count="1" type="stmt"/>
        <line num="50" count="2" type="stmt"/>
        <line num="51" count="14" type="stmt"/>
        <line num="52" count="14" type="stmt"/>
        <line num="53" count="14" type="cond" truecount="1" falsecount="0"/>
        <line num="54" count="2" type="cond" truecount="1" falsecount="0"/>
        <line num="55" count="2" type="stmt"/>
        <line num="56" count="14" type="stmt"/>
        <line num="57" count="14" type="stmt"/>
        <line num="58" count="14" type="cond" truecount="1" falsecount="0"/>
        <line num="59" count="1" type="cond" truecount="1" falsecount="0"/>
        <line num="60" count="1" type="stmt"/>
        <line num="62" count="14" type="stmt"/>
        <line num="64" count="14" type="cond" truecount="1" falsecount="0"/>
        <line num="65" count="3" type="stmt"/>
        <line num="66" count="3" type="cond" truecount="1" falsecount="0"/>
        <line num="67" count="3" type="cond" truecount="2" falsecount="0"/>
        <line num="68" count="1" type="stmt"/>
        <line num="69" count="1" type="stmt"/>
        <line num="70" count="3" type="cond" truecount="1" falsecount="0"/>
        <line num="71" count="1" type="stmt"/>
        <line num="72" count="1" type="stmt"/>
        <line num="73" count="3" type="stmt"/>
        <line num="74" count="14" type="stmt"/>
        <line num="75" count="14" type="stmt"/>
        <line num="76" count="14" type="stmt"/>
        <line num="77" count="14" type="stmt"/>
        <line num="78" count="14" type="stmt"/>
        <line num="79" count="14" type="stmt"/>
        <line num="80" count="14" type="stmt"/>
        <line num="81" count="14" type="stmt"/>
        <line num="82" count="14" type="stmt"/>
        <line num="83" count="14" type="stmt"/>
        <line num="84" count="14" type="stmt"/>
        <line num="85" count="14" type="stmt"/>
      </file>
      <file name="app.js" path="/home/dev/social-auto-upload-web-ui/.worktrees/feature-20260820-phase3/frontend/src/stores/app.js">
        <metrics statements="175" coveredstatements="175" conditionals="47" coveredconditionals="44" methods="20" coveredmethods="20"/>
        <line num="1" count="1" type="stmt"/>
        <line num="5" count="1" type="cond" truecount="1" falsecount="0"/>
        <line num="6" count="27" type="stmt"/>
        <line num="7" count="27" type="stmt"/>
        <line num="9" count="27" type="stmt"/>
        <line num="10" count="27" type="stmt"/>
        <line num="12" count="27" type="cond" truecount="1" falsecount="0"/>
        <line num="13" count="2" type="stmt"/>
        <line num="14" count="2" type="stmt"/>
        <line num="15" count="2" type="stmt"/>
        <line num="16" count="2" type="stmt"/>
        <line num="17" count="2" type="stmt"/>
        <line num="19" count="27" type="cond" truecount="1" falsecount="0"/>
        <line num="20" count="2" type="cond" truecount="1" falsecount="0"/>
        <line num="21" count="2" type="cond" truecount="2" falsecount="0"/>
        <line num="22" count="2" type="stmt"/>
        <line num="24" count="27" type="stmt"/>
        <line num="25" count="27" type="stmt"/>
        <line num="26" count="27" type="stmt"/>
        <line num="28" count="27" type="cond" truecount="1" falsecount="0"/>
        <line num="29" count="5" type="stmt"/>
        <line num="30" count="5" type="cond" truecount="1" falsecount="0"/>
        <line num="31" count="5" type="stmt"/>
        <line num="32" count="5" type="stmt"/>
        <line num="33" count="5" type="stmt"/>
        <line num="35" count="27" type="cond" truecount="1" falsecount="0"/>
        <line num="36" count="10" type="stmt"/>
        <line num="37" count="10" type="cond" truecount="0" falsecount="1"/>
        <line num="38" count="10" type="stmt"/>
        <line num="39" count="10" type="stmt"/>
        <line num="40" count="10" type="stmt"/>
        <line num="42" count="27" type="cond" truecount="1" falsecount="0"/>
        <line num="43" count="2" type="cond" truecount="1" falsecount="0"/>
        <line num="44" count="2" type="cond" truecount="2" falsecount="0"/>
        <line num="45" count="2" type="cond" truecount="2" falsecount="0"/>
        <line num="46" count="2" type="stmt"/>
        <line num="48" count="27" type="stmt"/>
        <line num="49" count="27" type="stmt"/>
        <line num="51" count="27" type="stmt"/>
        <line num="52" count="27" type="stmt"/>
        <line num="54" count="27" type="stmt"/>
        <line num="55" count="27" type="stmt"/>
        <line num="56" count="27" type="stmt"/>
        <line num="57" count="27" type="stmt"/>
        <line num="58" count="27" type="cond" truecount="1" falsecount="0"/>
        <line num="59" count="1" type="stmt"/>
        <line num="60" count="1" type="stmt"/>
        <line num="61" count="27" type="stmt"/>
        <line num="62" count="27" type="stmt"/>
        <line num="63" count="27" type="cond" truecount="1" falsecount="0"/>
        <line num="64" count="1" type="stmt"/>
        <line num="65" count="1" type="stmt"/>
        <line num="66" count="27" type="stmt"/>
        <line num="67" count="27" type="stmt"/>
        <line num="68" count="27" type="cond" truecount="1" falsecount="0"/>
        <line num="69" count="1" type="stmt"/>
        <line num="70" count="1" type="stmt"/>
        <line num="71" count="1" type="stmt"/>
        <line num="73" count="27" type="stmt"/>
        <line num="74" count="27" type="cond" truecount="1" falsecount="0"/>
        <line num="75" count="1" type="stmt"/>
        <line num="76" count="1" type="stmt"/>
        <line num="78" count="27" type="stmt"/>
        <line num="79" count="27" type="cond" truecount="1" falsecount="0"/>
        <line num="80" count="2" type="cond" truecount="1" falsecount="0"/>
        <line num="81" count="2" type="cond" truecount="1" falsecount="0"/>
        <line num="82" count="1" type="stmt"/>
        <line num="83" count="1" type="stmt"/>
        <line num="84" count="2" type="stmt"/>
        <line num="85" count="27" type="stmt"/>
        <line num="86" count="27" type="stmt"/>
        <line num="87" count="27" type="cond" truecount="1" falsecount="0"/>
        <line num="88" count="2" type="stmt"/>
        <line num="89" count="2" type="stmt"/>
        <line num="91" count="27" type="stmt"/>
        <line num="92" count="27" type="stmt"/>
        <line num="93" count="27" type="stmt"/>
        <line num="95" count="27" type="stmt"/>
        <line num="96" count="27" type="stmt"/>
        <line num="97" count="27" type="stmt"/>
        <line num="99" count="27" type="cond" truecount="1" falsecount="0"/>
        <line num="100" count="1" type="stmt"/>
        <line num="101" count="1" type="stmt"/>
        <line num="102" count="1" type="stmt"/>
        <line num="103" count="1" type="stmt"/>
        <line num="104" count="1" type="stmt"/>
        <line num="106" count="27" type="cond" truecount="1" falsecount="0"/>
        <line num="107" count="1" type="cond" truecount="0" falsecount="1"/>
        <line num="108" count="1" type="cond" truecount="0" falsecount="1"/>
        <line num="109" count="1" type="stmt"/>
        <line num="111" count="27" type="stmt"/>
        <line num="112" count="27" type="cond" truecount="1" falsecount="0"/>
        <line num="114" count="27" type="stmt"/>
        <line num="115" count="27" type="stmt"/>
        <line num="116" count="27" type="stmt"/>
        <line num="118" count="27" type="cond" truecount="1" falsecount="0"/>
        <line num="119" count="6" type="stmt"/>
        <line num="120" count="6" type="stmt"/>
        <line num="121" count="6" type="stmt"/>
        <line num="122" count="6" type="stmt"/>
        <line num="124" count="27" type="cond" truecount="1" falsecount="0"/>
        <line num="125" count="4" type="stmt"/>
        <line num="126" count="4" type="stmt"/>
        <line num="127" count="4" type="cond" truecount="1" falsecount="0"/>
        <line num="128" count="4" type="stmt"/>
        <line num="129" count="4" type="stmt"/>
        <line num="130" count="4" type="stmt"/>
        <line num="132" count="27" type="cond" truecount="1" falsecount="0"/>
        <line num="133" count="2" type="cond" truecount="2" falsecount="0"/>
        <line num="134" count="2" type="stmt"/>
        <line num="136" count="27" type="cond" truecount="1" falsecount="0"/>
        <line num="137" count="2" type="cond" truecount="1" falsecount="0"/>
        <line num="138" count="2" type="cond" truecount="2" falsecount="0"/>
        <line num="139" count="2" type="stmt"/>
        <line num="140" count="2" type="stmt"/>
        <line num="142" count="27" type="stmt"/>
        <line num="143" count="27" type="cond" truecount="1" falsecount="0"/>
        <line num="144" count="3" type="cond" truecount="1" falsecount="0"/>
        <line num="145" count="3" type="cond" truecount="2" falsecount="0"/>
        <line num="146" count="2" type="stmt"/>
        <line num="147" count="2" type="stmt"/>
        <line num="148" count="2" type="stmt"/>
        <line num="149" count="2" type="stmt"/>
        <line num="150" count="2" type="stmt"/>
        <line num="151" count="2" type="cond" truecount="1" falsecount="0"/>
        <line num="152" count="1" type="stmt"/>
        <line num="153" count="1" type="stmt"/>
        <line num="154" count="1" type="stmt"/>
        <line num="155" count="1" type="stmt"/>
        <line num="156" count="3" type="stmt"/>
        <line num="158" count="27" type="stmt"/>
        <line num="159" count="27" type="cond" truecount="1" falsecount="0"/>
        <line num="160" count="2" type="stmt"/>
        <line num="161" count="2" type="cond" truecount="1" falsecount="0"/>
        <line num="162" count="2" type="stmt"/>
        <line num="163" count="2" type="stmt"/>
        <line num="164" count="2" type="stmt"/>
        <line num="165" count="2" type="cond" truecount="1" falsecount="0"/>
        <line num="166" count="1" type="stmt"/>
        <line num="167" count="1" type="stmt"/>
        <line num="168" count="1" type="stmt"/>
        <line num="169" count="1" type="stmt"/>
        <line num="170" count="2" type="stmt"/>
        <line num="172" count="27" type="stmt"/>
        <line num="173" count="27" type="stmt"/>
        <line num="174" count="27" type="stmt"/>
        <line num="175" count="27" type="stmt"/>
        <line num="176" count="27" type="stmt"/>
        <line num="177" count="27" type="stmt"/>
        <line num="178" count="27" type="stmt"/>
        <line num="179" count="27" type="stmt"/>
        <line num="180" count="27" type="stmt"/>
        <line num="181" count="27" type="stmt"/>
        <line num="182" count="27" type="stmt"/>
        <line num="183" count="27" type="stmt"/>
        <line num="184" count="27" type="stmt"/>
        <line num="185" count="27" type="stmt"/>
        <line num="186" count="27" type="stmt"/>
        <line num="187" count="27" type="stmt"/>
        <line num="188" count="27" type="stmt"/>
        <line num="189" count="27" type="stmt"/>
        <line num="190" count="27" type="stmt"/>
        <line num="191" count="27" type="stmt"/>
        <line num="192" count="27" type="stmt"/>
        <line num="193" count="27" type="stmt"/>
        <line num="194" count="27" type="stmt"/>
        <line num="195" count="27" type="stmt"/>
        <line num="196" count="27" type="stmt"/>
        <line num="197" count="27" type="stmt"/>
        <line num="198" count="27" type="stmt"/>
        <line num="199" count="27" type="stmt"/>
        <line num="200" count="27" type="stmt"/>
        <line num="201" count="27" type="stmt"/>
        <line num="202" count="27" type="stmt"/>
        <line num="203" count="27" type="stmt"/>
      </file>
      <file name="imagePublish.js" path="/home/dev/social-auto-upload-web-ui/.worktrees/feature-20260820-phase3/frontend/src/stores/imagePublish.js">
        <metrics statements="237" coveredstatements="234" conditionals="47" coveredconditionals="43" methods="9" coveredmethods="9"/>
        <line num="1" count="1" type="stmt"/>
        <line num="6" count="1" type="cond" truecount="1" falsecount="0"/>
        <line num="7" count="20" type="stmt"/>
        <line num="9" count="20" type="stmt"/>
        <line num="10" count="20" type="stmt"/>
        <line num="12" count="20" type="stmt"/>
        <line num="13" count="20" type="stmt"/>
        <line num="15" count="20" type="stmt"/>
        <line num="16" count="20" type="stmt"/>
        <line num="18" count="20" type="stmt"/>
        <line num="19" count="20" type="stmt"/>
        <line num="21" count="20" type="stmt"/>
        <line num="22" count="20" type="stmt"/>
        <line num="24" count="20" type="stmt"/>
        <line num="25" count="20" type="stmt"/>
        <line num="26" count="20" type="stmt"/>
        <line num="28" count="20" type="stmt"/>
        <line num="30" count="20" type="cond" truecount="1" falsecount="0"/>
        <line num="32" count="20" type="cond" truecount="1" falsecount="0"/>
        <line num="34" count="20" type="cond" truecount="1" falsecount="0"/>
        <line num="35" count="7" type="cond" truecount="1" falsecount="0"/>
        <line num="36" count="20" type="stmt"/>
        <line num="38" count="20" type="stmt"/>
        <line num="40" count="20" type="stmt"/>
        <line num="41" count="20" type="stmt"/>
        <line num="42" count="20" type="stmt"/>
        <line num="43" count="20" type="stmt"/>
        <line num="44" count="20" type="stmt"/>
        <line num="45" count="20" type="cond" truecount="1" falsecount="0"/>
        <line num="46" count="3" type="stmt"/>
        <line num="47" count="3" type="stmt"/>
        <line num="48" count="3" type="stmt"/>
        <line num="49" count="3" type="stmt"/>
        <line num="50" count="3" type="stmt"/>
        <line num="51" count="3" type="stmt"/>
        <line num="52" count="3" type="stmt"/>
        <line num="53" count="3" type="stmt"/>
        <line num="55" count="3" type="stmt"/>
        <line num="56" count="3" type="cond" truecount="1" falsecount="0"/>
        <line num="57" count="1" type="stmt"/>
        <line num="58" count="1" type="stmt"/>
        <line num="59" count="1" type="stmt"/>
        <line num="60" count="3" type="cond" truecount="1" falsecount="0"/>
        <line num="61" count="2" type="stmt"/>
        <line num="62" count="3" type="cond" truecount="2" falsecount="1"/>
        <line num="63" count="3" type="cond" truecount="1" falsecount="0"/>
        <line num="64" count="2" type="stmt"/>
        <line num="65" count="2" type="stmt"/>
        <line num="66" count="2" type="stmt"/>
        <line num="67" count="2" type="stmt"/>
        <line num="68" count="3" type="cond" truecount="1" falsecount="0"/>
        <line num="69" count="1" type="stmt"/>
        <line num="70" count="1" type="stmt"/>
        <line num="71" count="1" type="stmt"/>
        <line num="72" count="1" type="stmt"/>
        <line num="73" count="1" type="stmt"/>
        <line num="74" count="3" type="stmt"/>
        <line num="76" count="20" type="stmt"/>
        <line num="77" count="20" type="stmt"/>
        <line num="78" count="20" type="stmt"/>
        <line num="79" count="20" type="stmt"/>
        <line num="80" count="20" type="cond" truecount="1" falsecount="0"/>
        <line num="81" count="3" type="cond" truecount="2" falsecount="0"/>
        <line num="82" count="1" type="stmt"/>
        <line num="83" count="1" type="stmt"/>
        <line num="84" count="3" type="stmt"/>
        <line num="86" count="20" type="stmt"/>
        <line num="87" count="20" type="stmt"/>
        <line num="88" count="20" type="stmt"/>
        <line num="89" count="20" type="stmt"/>
        <line num="90" count="20" type="stmt"/>
        <line num="91" count="20" type="cond" truecount="1" falsecount="0"/>
        <line num="92" count="5" type="stmt"/>
        <line num="93" count="5" type="cond" truecount="1" falsecount="0"/>
        <line num="94" count="5" type="cond" truecount="2" falsecount="0"/>
        <line num="95" count="3" type="stmt"/>
        <line num="96" count="5" type="cond" truecount="1" falsecount="0"/>
        <line num="97" count="3" type="stmt"/>
        <line num="98" count="3" type="cond" truecount="1" falsecount="0"/>
        <line num="99" count="2" type="stmt"/>
        <line num="100" count="2" type="stmt"/>
        <line num="101" count="5" type="stmt"/>
        <line num="103" count="20" type="stmt"/>
        <line num="104" count="20" type="stmt"/>
        <line num="105" count="20" type="stmt"/>
        <line num="106" count="20" type="stmt"/>
        <line num="107" count="20" type="stmt"/>
        <line num="108" count="20" type="stmt"/>
        <line num="109" count="20" type="cond" truecount="1" falsecount="0"/>
        <line num="110" count="3" type="cond" truecount="1" falsecount="0"/>
        <line num="111" count="1" type="stmt"/>
        <line num="112" count="1" type="cond" truecount="1" falsecount="0"/>
        <line num="114" count="2" type="stmt"/>
        <line num="115" count="2" type="stmt"/>
        <line num="116" count="2" type="stmt"/>
        <line num="117" count="2" type="stmt"/>
        <line num="118" count="2" type="stmt"/>
        <line num="119" count="2" type="stmt"/>
        <line num="120" count="2" type="stmt"/>
        <line num="122" count="2" type="stmt"/>
        <line num="123" count="2" type="stmt"/>
        <line num="124" count="0" type="stmt"/>
        <line num="125" count="0" type="stmt"/>
        <line num="126" count="0" type="stmt"/>
        <line num="127" count="2" type="cond" truecount="1" falsecount="0"/>
        <line num="128" count="3" type="cond" truecount="0" falsecount="2"/>
        <line num="129" count="3" type="cond" truecount="1" falsecount="0"/>
        <line num="130" count="1" type="stmt"/>
        <line num="131" count="1" type="stmt"/>
        <line num="132" count="1" type="stmt"/>
        <line num="133" count="1" type="stmt"/>
        <line num="134" count="1" type="stmt"/>
        <line num="135" count="1" type="stmt"/>
        <line num="136" count="1" type="stmt"/>
        <line num="137" count="1" type="stmt"/>
        <line num="138" count="1" type="stmt"/>
        <line num="139" count="1" type="stmt"/>
        <line num="140" count="3" type="stmt"/>
        <line num="142" count="20" type="stmt"/>
        <line num="143" count="20" type="stmt"/>
        <line num="144" count="20" type="stmt"/>
        <line num="145" count="20" type="stmt"/>
        <line num="146" count="20" type="stmt"/>
        <line num="147" count="20" type="cond" truecount="1" falsecount="0"/>
        <line num="148" count="2" type="stmt"/>
        <line num="149" count="2" type="stmt"/>
        <line num="150" count="2" type="stmt"/>
        <line num="151" count="2" type="stmt"/>
        <line num="152" count="2" type="stmt"/>
        <line num="153" count="2" type="stmt"/>
        <line num="154" count="2" type="stmt"/>
        <line num="155" count="2" type="stmt"/>
        <line num="157" count="20" type="stmt"/>
        <line num="158" count="20" type="stmt"/>
        <line num="159" count="20" type="stmt"/>
        <line num="160" count="20" type="cond" truecount="1" falsecount="0"/>
        <line num="161" count="1" type="stmt"/>
        <line num="162" count="1" type="cond" truecount="1" falsecount="0"/>
        <line num="163" count="2" type="stmt"/>
        <line num="164" count="2" type="stmt"/>
        <line num="165" count="2" type="stmt"/>
        <line num="166" count="2" type="stmt"/>
        <line num="167" count="2" type="stmt"/>
        <line num="168" count="2" type="stmt"/>
        <line num="169" count="1" type="stmt"/>
        <line num="170" count="1" type="stmt"/>
        <line num="172" count="20" type="stmt"/>
        <line num="173" count="20" type="stmt"/>
        <line num="174" count="20" type="stmt"/>
        <line num="175" count="20" type="stmt"/>
        <line num="176" count="20" type="cond" truecount="1" falsecount="0"/>
        <line num="177" count="2" type="stmt"/>
        <line num="178" count="2" type="cond" truecount="1" falsecount="0"/>
        <line num="179" count="2" type="stmt"/>
        <line num="180" count="2" type="stmt"/>
        <line num="181" count="2" type="stmt"/>
        <line num="182" count="2" type="stmt"/>
        <line num="183" count="2" type="stmt"/>
        <line num="184" count="2" type="stmt"/>
        <line num="186" count="2" type="stmt"/>
        <line num="187" count="2" type="cond" truecount="1" falsecount="0"/>
        <line num="188" count="2" type="cond" truecount="1" falsecount="0"/>
        <line num="189" count="1" type="stmt"/>
        <line num="190" count="1" type="stmt"/>
        <line num="191" count="1" type="stmt"/>
        <line num="192" count="1" type="stmt"/>
        <line num="193" count="1" type="stmt"/>
        <line num="194" count="1" type="stmt"/>
        <line num="195" count="1" type="stmt"/>
        <line num="196" count="1" type="stmt"/>
        <line num="197" count="2" type="stmt"/>
        <line num="199" count="20" type="stmt"/>
        <line num="200" count="20" type="stmt"/>
        <line num="201" count="20" type="stmt"/>
        <line num="202" count="20" type="stmt"/>
        <line num="203" count="20" type="stmt"/>
        <line num="204" count="20" type="cond" truecount="1" falsecount="0"/>
        <line num="205" count="4" type="cond" truecount="1" falsecount="0"/>
        <line num="206" count="1" type="stmt"/>
        <line num="207" count="1" type="stmt"/>
        <line num="208" count="1" type="cond" truecount="1" falsecount="0"/>
        <line num="210" count="3" type="stmt"/>
        <line num="212" count="3" type="stmt"/>
        <line num="213" count="3" type="stmt"/>
        <line num="214" count="3" type="cond" truecount="1" falsecount="0"/>
        <line num="215" count="3" type="stmt"/>
        <line num="216" count="3" type="stmt"/>
        <line num="217" count="3" type="stmt"/>
        <line num="218" count="3" type="stmt"/>
        <line num="220" count="3" type="cond" truecount="1" falsecount="0"/>
        <line num="221" count="4" type="cond" truecount="2" falsecount="0"/>
        <line num="222" count="4" type="stmt"/>
        <line num="223" count="4" type="cond" truecount="1" falsecount="0"/>
        <line num="224" count="1" type="stmt"/>
        <line num="225" count="1" type="stmt"/>
        <line num="226" count="4" type="cond" truecount="1" falsecount="1"/>
        <line num="227" count="3" type="stmt"/>
        <line num="228" count="3" type="stmt"/>
        <line num="229" count="4" type="stmt"/>
        <line num="231" count="20" type="stmt"/>
        <line num="232" count="20" type="stmt"/>
        <line num="233" count="20" type="stmt"/>
        <line num="234" count="20" type="cond" truecount="1" falsecount="0"/>
        <line num="235" count="1" type="stmt"/>
        <line num="236" count="1" type="stmt"/>
        <line num="237" count="1" type="stmt"/>
        <line num="238" count="1" type="stmt"/>
        <line num="239" count="1" type="stmt"/>
        <line num="240" count="1" type="stmt"/>
        <line num="241" count="1" type="stmt"/>
        <line num="242" count="1" type="stmt"/>
        <line num="244" count="20" type="stmt"/>
        <line num="246" count="20" type="stmt"/>
        <line num="247" count="20" type="stmt"/>
        <line num="248" count="20" type="stmt"/>
        <line num="249" count="20" type="stmt"/>
        <line num="250" count="20" type="stmt"/>
        <line num="251" count="20" type="stmt"/>
        <line num="252" count="20" type="stmt"/>
        <line num="253" count="20" type="stmt"/>
        <line num="254" count="20" type="stmt"/>
        <line num="255" count="20" type="stmt"/>
        <line num="256" count="20" type="stmt"/>
        <line num="257" count="20" type="stmt"/>
        <line num="258" count="20" type="stmt"/>
        <line num="259" count="20" type="stmt"/>
        <line num="260" count="20" type="stmt"/>
        <line num="261" count="20" type="stmt"/>
        <line num="262" count="20" type="stmt"/>
        <line num="263" count="20" type="stmt"/>
        <line num="264" count="20" type="stmt"/>
        <line num="265" count="20" type="stmt"/>
        <line num="266" count="20" type="stmt"/>
        <line num="267" count="20" type="stmt"/>
        <line num="268" count="20" type="stmt"/>
        <line num="269" count="20" type="stmt"/>
        <line num="270" count="20" type="stmt"/>
      </file>
      <file name="index.js" path="/home/dev/social-auto-upload-web-ui/.worktrees/feature-20260820-phase3/frontend/src/stores/index.js">
        <metrics statements="3" coveredstatements="3" conditionals="0" coveredconditionals="0" methods="0" coveredmethods="0"/>
        <line num="1" count="1" type="stmt"/>
        <line num="6" count="1" type="stmt"/>
        <line num="8" count="1" type="stmt"/>
      </file>
      <file name="user.js" path="/home/dev/social-auto-upload-web-ui/.worktrees/feature-20260820-phase3/frontend/src/stores/user.js">
        <metrics statements="29" coveredstatements="29" conditionals="3" coveredconditionals="3" methods="2" coveredmethods="2"/>
        <line num="1" count="1" type="stmt"/>
        <line num="4" count="1" type="cond" truecount="1" falsecount="0"/>
        <line num="5" count="3" type="stmt"/>
        <line num="6" count="3" type="stmt"/>
        <line num="7" count="3" type="stmt"/>
        <line num="8" count="3" type="stmt"/>
        <line num="9" count="3" type="stmt"/>
        <line num="10" count="3" type="stmt"/>
        <line num="11" count="3" type="stmt"/>
        <line num="12" count="3" type="cond" truecount="1" falsecount="0"/>
        <line num="13" count="2" type="stmt"/>
        <line num="14" count="2" type="stmt"/>
        <line num="15" count="2" type="stmt"/>
        <line num="16" count="3" type="stmt"/>
        <line num="17" count="3" type="cond" truecount="1" falsecount="0"/>
        <line num="18" count="1" type="stmt"/>
        <line num="19" count="1" type="stmt"/>
        <line num="20" count="1" type="stmt"/>
        <line num="21" count="1" type="stmt"/>
        <line num="22" count="1" type="stmt"/>
        <line num="23" count="1" type="stmt"/>
        <line num="24" count="3" type="stmt"/>
        <line num="25" count="3" type="stmt"/>
        <line num="26" count="3" type="stmt"/>
        <line num="27" count="3" type="stmt"/>
        <line num="28" count="3" type="stmt"/>
        <line num="29" count="3" type="stmt"/>
        <line num="30" count="3" type="stmt"/>
        <line num="31" count="3" type="stmt"/>
      </file>
    </package>
  </project>
</coverage>
