{"/home/dev/social-auto-upload-web-ui/.worktrees/feature-20260820-phase3/frontend/src/components/AccountSidebar.vue": {"path":"/home/dev/social-auto-upload-web-ui/.worktrees/feature-20260820-phase3/frontend/src/components/AccountSidebar.vue","all":false,"statementMap":{"0":{"start":{"line":1,"column":0},"end":{"line":1,"column":10}},"1":{"start":{"line":2,"column":0},"end":{"line":2,"column":33}},"2":{"start":{"line":3,"column":0},"end":{"line":3,"column":32}},"3":{"start":{"line":4,"column":0},"end":{"line":4,"column":45}},"4":{"start":{"line":5,"column":0},"end":{"line":5,"column":57}},"5":{"start":{"line":6,"column":0},"end":{"line":6,"column":10}},"7":{"start":{"line":8,"column":0},"end":{"line":8,"column":28}},"8":{"start":{"line":9,"column":0},"end":{"line":9,"column":38}},"9":{"start":{"line":10,"column":0},"end":{"line":10,"column":90}},"10":{"start":{"line":11,"column":0},"end":{"line":11,"column":21}},"11":{"start":{"line":12,"column":0},"end":{"line":12,"column":45}},"12":{"start":{"line":13,"column":0},"end":{"line":13,"column":12}},"14":{"start":{"line":15,"column":0},"end":{"line":15,"column":10}},"15":{"start":{"line":16,"column":0},"end":{"line":16,"column":45}},"16":{"start":{"line":17,"column":0},"end":{"line":17,"column":24}},"17":{"start":{"line":18,"column":0},"end":{"line":18,"column":82}},"19":{"start":{"line":20,"column":0},"end":{"line":20,"column":91}},"20":{"start":{"line":21,"column":0},"end":{"line":21,"column":18}},"21":{"start":{"line":22,"column":0},"end":{"line":22,"column":31}},"22":{"start":{"line":23,"column":0},"end":{"line":23,"column":69}},"23":{"start":{"line":24,"column":0},"end":{"line":24,"column":81}},"25":{"start":{"line":26,"column":0},"end":{"line":26,"column":42}},"26":{"start":{"line":27,"column":0},"end":{"line":27,"column":20}},"27":{"start":{"line":28,"column":0},"end":{"line":28,"column":39}},"28":{"start":{"line":29,"column":0},"end":{"line":29,"column":98}},"29":{"start":{"line":30,"column":0},"end":{"line":30,"column":58}},"30":{"start":{"line":31,"column":0},"end":{"line":31,"column":17}},"31":{"start":{"line":32,"column":0},"end":{"line":32,"column":58}},"32":{"start":{"line":33,"column":0},"end":{"line":33,"column":157}},"33":{"start":{"line":34,"column":0},"end":{"line":34,"column":14}},"35":{"start":{"line":36,"column":0},"end":{"line":36,"column":19}},"36":{"start":{"line":37,"column":0},"end":{"line":37,"column":22}},"37":{"start":{"line":38,"column":0},"end":{"line":38,"column":31}},"38":{"start":{"line":39,"column":0},"end":{"line":39,"column":31}},"40":{"start":{"line":41,"column":0},"end":{"line":41,"column":77}},"41":{"start":{"line":42,"column":0},"end":{"line":42,"column":16}},"42":{"start":{"line":43,"column":0},"end":{"line":43,"column":117}},"43":{"start":{"line":44,"column":0},"end":{"line":44,"column":31}},"44":{"start":{"line":45,"column":0},"end":{"line":45,"column":55}},"48":{"start":{"line":49,"column":0},"end":{"line":49,"column":62}},"50":{"start":{"line":51,"column":0},"end":{"line":51,"column":80}},"51":{"start":{"line":52,"column":0},"end":{"line":52,"column":98}},"52":{"start":{"line":53,"column":0},"end":{"line":53,"column":86}},"53":{"start":{"line":54,"column":0},"end":{"line":54,"column":20}},"54":{"start":{"line":55,"column":0},"end":{"line":55,"column":66}},"55":{"start":{"line":56,"column":0},"end":{"line":56,"column":84}},"56":{"start":{"line":57,"column":0},"end":{"line":57,"column":141}},"57":{"start":{"line":58,"column":0},"end":{"line":58,"column":138}},"58":{"start":{"line":59,"column":0},"end":{"line":59,"column":18}},"59":{"start":{"line":60,"column":0},"end":{"line":60,"column":164}},"60":{"start":{"line":61,"column":0},"end":{"line":61,"column":16}},"61":{"start":{"line":62,"column":0},"end":{"line":62,"column":21}},"62":{"start":{"line":63,"column":0},"end":{"line":63,"column":12}},"63":{"start":{"line":64,"column":0},"end":{"line":64,"column":10}},"65":{"start":{"line":66,"column":0},"end":{"line":66,"column":55}},"66":{"start":{"line":67,"column":0},"end":{"line":67,"column":92}},"67":{"start":{"line":68,"column":0},"end":{"line":68,"column":10}},"68":{"start":{"line":69,"column":0},"end":{"line":69,"column":10}},"72":{"start":{"line":73,"column":0},"end":{"line":73,"column":30}},"73":{"start":{"line":74,"column":0},"end":{"line":74,"column":71}},"74":{"start":{"line":75,"column":0},"end":{"line":75,"column":42}},"75":{"start":{"line":76,"column":0},"end":{"line":76,"column":62}},"77":{"start":{"line":78,"column":0},"end":{"line":78,"column":30}},"79":{"start":{"line":80,"column":0},"end":{"line":80,"column":27}},"96":{"start":{"line":97,"column":0},"end":{"line":97,"column":8}},"97":{"start":{"line":98,"column":0},"end":{"line":98,"column":24}},"98":{"start":{"line":99,"column":0},"end":{"line":99,"column":65}},"99":{"start":{"line":100,"column":0},"end":{"line":100,"column":44}},"100":{"start":{"line":101,"column":0},"end":{"line":101,"column":62}},"101":{"start":{"line":102,"column":0},"end":{"line":102,"column":43}},"102":{"start":{"line":103,"column":0},"end":{"line":103,"column":39}},"103":{"start":{"line":104,"column":0},"end":{"line":104,"column":74}},"104":{"start":{"line":105,"column":0},"end":{"line":105,"column":32}},"105":{"start":{"line":106,"column":0},"end":{"line":106,"column":29}},"106":{"start":{"line":107,"column":0},"end":{"line":107,"column":72}},"107":{"start":{"line":108,"column":0},"end":{"line":108,"column":5}},"108":{"start":{"line":109,"column":0},"end":{"line":109,"column":15}},"109":{"start":{"line":110,"column":0},"end":{"line":110,"column":4}},"110":{"start":{"line":111,"column":0},"end":{"line":111,"column":1}},"112":{"start":{"line":113,"column":0},"end":{"line":113,"column":41}},"113":{"start":{"line":114,"column":0},"end":{"line":114,"column":27}},"114":{"start":{"line":115,"column":0},"end":{"line":115,"column":45}},"115":{"start":{"line":116,"column":0},"end":{"line":116,"column":1}},"116":{"start":{"line":117,"column":0},"end":{"line":117,"column":27}},"117":{"start":{"line":118,"column":0},"end":{"line":118,"column":45}},"118":{"start":{"line":119,"column":0},"end":{"line":119,"column":30}},"119":{"start":{"line":120,"column":0},"end":{"line":120,"column":22}},"120":{"start":{"line":121,"column":0},"end":{"line":121,"column":28}},"121":{"start":{"line":122,"column":0},"end":{"line":122,"column":1}}},"s":{"0":1,"1":1,"2":1,"3":1,"4":1,"5":1,"7":1,"8":1,"9":1,"10":1,"11":1,"12":1,"14":1,"15":1,"16":1,"17":1,"19":1,"20":1,"21":1,"22":1,"23":1,"25":1,"26":1,"27":1,"28":1,"29":1,"30":1,"31":1,"32":1,"33":1,"35":1,"36":1,"37":1,"38":1,"40":1,"41":1,"42":1,"43":1,"44":1,"48":1,"50":1,"51":1,"52":1,"53":1,"54":1,"55":1,"56":1,"57":1,"58":1,"59":1,"60":1,"61":1,"62":1,"63":1,"65":1,"66":1,"67":1,"68":1,"72":1,"73":1,"74":1,"75":1,"77":1,"79":1,"96":1,"97":1,"98":1,"99":1,"100":1,"101":1,"102":15,"103":45,"104":45,"105":36,"106":36,"107":36,"108":8,"109":15,"110":1,"112":1,"113":0,"114":0,"115":0,"116":0,"117":0,"118":0,"119":0,"120":0,"121":0},"branchMap":{"0":{"type":"branch","line":102,"loc":{"start":{"line":102,"column":38},"end":{"line":110,"column":4}},"locations":[{"start":{"line":102,"column":38},"end":{"line":110,"column":4}}]},"1":{"type":"branch","line":103,"loc":{"start":{"line":103,"column":29},"end":{"line":110,"column":3}},"locations":[{"start":{"line":103,"column":29},"end":{"line":110,"column":3}}]},"2":{"type":"branch","line":104,"loc":{"start":{"line":104,"column":62},"end":{"line":104,"column":73}},"locations":[{"start":{"line":104,"column":62},"end":{"line":104,"column":73}}]},"3":{"type":"branch","line":104,"loc":{"start":{"line":104,"column":73},"end":{"line":105,"column":31}},"locations":[{"start":{"line":104,"column":73},"end":{"line":105,"column":31}}]},"4":{"type":"branch","line":105,"loc":{"start":{"line":105,"column":31},"end":{"line":108,"column":5}},"locations":[{"start":{"line":105,"column":31},"end":{"line":108,"column":5}}]},"5":{"type":"branch","line":108,"loc":{"start":{"line":108,"column":4},"end":{"line":110,"column":2}},"locations":[{"start":{"line":108,"column":4},"end":{"line":110,"column":2}}]},"6":{"type":"branch","line":107,"loc":{"start":{"line":107,"column":33},"end":{"line":107,"column":71}},"locations":[{"start":{"line":107,"column":33},"end":{"line":107,"column":71}}]},"7":{"type":"branch","line":10,"loc":{"start":{"line":10,"column":21},"end":{"line":10,"column":71}},"locations":[{"start":{"line":10,"column":21},"end":{"line":10,"column":71}}]},"8":{"type":"branch","line":24,"loc":{"start":{"line":24,"column":59},"end":{"line":24,"column":73}},"locations":[{"start":{"line":24,"column":59},"end":{"line":24,"column":73}}]},"9":{"type":"branch","line":24,"loc":{"start":{"line":24,"column":73},"end":{"line":24,"column":81}},"locations":[{"start":{"line":24,"column":73},"end":{"line":24,"column":81}}]},"10":{"type":"branch","line":33,"loc":{"start":{"line":33,"column":43},"end":{"line":33,"column":82}},"locations":[{"start":{"line":33,"column":43},"end":{"line":33,"column":82}}]},"11":{"type":"branch","line":33,"loc":{"start":{"line":33,"column":82},"end":{"line":33,"column":147}},"locations":[{"start":{"line":33,"column":82},"end":{"line":33,"column":147}}]},"12":{"type":"branch","line":20,"loc":{"start":{"line":20,"column":55},"end":{"line":20,"column":91}},"locations":[{"start":{"line":20,"column":55},"end":{"line":20,"column":91}}]},"13":{"type":"branch","line":33,"loc":{"start":{"line":33,"column":107},"end":{"line":33,"column":141}},"locations":[{"start":{"line":33,"column":107},"end":{"line":33,"column":141}}]},"14":{"type":"branch","line":60,"loc":{"start":{"line":60,"column":28},"end":{"line":60,"column":60}},"locations":[{"start":{"line":60,"column":28},"end":{"line":60,"column":60}}]},"15":{"type":"branch","line":60,"loc":{"start":{"line":60,"column":60},"end":{"line":60,"column":120}},"locations":[{"start":{"line":60,"column":60},"end":{"line":60,"column":120}}]},"16":{"type":"branch","line":60,"loc":{"start":{"line":60,"column":12},"end":{"line":60,"column":164}},"locations":[{"start":{"line":60,"column":12},"end":{"line":60,"column":164}}]},"17":{"type":"branch","line":43,"loc":{"start":{"line":43,"column":54},"end":{"line":43,"column":117}},"locations":[{"start":{"line":43,"column":54},"end":{"line":43,"column":117}}]},"18":{"type":"branch","line":43,"loc":{"start":{"line":43,"column":63},"end":{"line":43,"column":88}},"locations":[{"start":{"line":43,"column":63},"end":{"line":43,"column":88}}]},"19":{"type":"branch","line":43,"loc":{"start":{"line":43,"column":63},"end":{"line":43,"column":117}},"locations":[{"start":{"line":43,"column":63},"end":{"line":43,"column":117}}]},"20":{"type":"branch","line":56,"loc":{"start":{"line":56,"column":50},"end":{"line":56,"column":84}},"locations":[{"start":{"line":56,"column":50},"end":{"line":56,"column":84}}]},"21":{"type":"branch","line":56,"loc":{"start":{"line":56,"column":50},"end":{"line":56,"column":84}},"locations":[{"start":{"line":56,"column":50},"end":{"line":56,"column":84}}]},"22":{"type":"branch","line":57,"loc":{"start":{"line":57,"column":58},"end":{"line":57,"column":80}},"locations":[{"start":{"line":57,"column":58},"end":{"line":57,"column":80}}]},"23":{"type":"branch","line":49,"loc":{"start":{"line":49,"column":20},"end":{"line":49,"column":62}},"locations":[{"start":{"line":49,"column":20},"end":{"line":49,"column":62}}]},"24":{"type":"branch","line":58,"loc":{"start":{"line":58,"column":75},"end":{"line":58,"column":119}},"locations":[{"start":{"line":58,"column":75},"end":{"line":58,"column":119}}]},"25":{"type":"branch","line":60,"loc":{"start":{"line":60,"column":85},"end":{"line":60,"column":120}},"locations":[{"start":{"line":60,"column":85},"end":{"line":60,"column":120}}]},"26":{"type":"branch","line":67,"loc":{"start":{"line":67,"column":48},"end":{"line":67,"column":80}},"locations":[{"start":{"line":67,"column":48},"end":{"line":67,"column":80}}]}},"b":{"0":[15],"1":[45],"2":[1],"3":[44],"4":[36],"5":[8],"6":[37],"7":[12],"8":[1],"9":[21],"10":[8],"11":[14],"12":[1],"13":[25],"14":[8],"15":[14],"16":[0],"17":[36],"18":[11],"19":[25],"20":[22],"21":[13],"22":[2],"23":[1],"24":[1],"25":[25],"26":[1]},"fnMap":{"0":{"name":"onSlideEnter","decl":{"start":{"line":114,"column":0},"end":{"line":116,"column":1}},"loc":{"start":{"line":114,"column":0},"end":{"line":116,"column":1}},"line":114},"1":{"name":"onSlideLeave","decl":{"start":{"line":117,"column":0},"end":{"line":122,"column":1}},"loc":{"start":{"line":117,"column":0},"end":{"line":122,"column":1}},"line":117},"2":{"name":"onClick","decl":{"start":{"line":20,"column":55},"end":{"line":20,"column":91}},"loc":{"start":{"line":20,"column":55},"end":{"line":20,"column":91}},"line":20},"3":{"name":"onClick","decl":{"start":{"line":49,"column":20},"end":{"line":49,"column":62}},"loc":{"start":{"line":49,"column":20},"end":{"line":49,"column":62}},"line":49},"4":{"name":"__vite_ssr_import_4__.createElementBlock.__vite_ssr_import_4__.createElementBlock.__vite_ssr_import_4__.createElementVNode.onClick._cache.<computed>._cache.<computed>","decl":{"start":{"line":67,"column":48},"end":{"line":67,"column":80}},"loc":{"start":{"line":67,"column":48},"end":{"line":67,"column":80}},"line":67}},"f":{"0":0,"1":0,"2":1,"3":1,"4":1}}
,"/home/dev/social-auto-upload-web-ui/.worktrees/feature-20260820-phase3/frontend/src/components/BatchSetDialog.vue": {"path":"/home/dev/social-auto-upload-web-ui/.worktrees/feature-20260820-phase3/frontend/src/components/BatchSetDialog.vue","all":false,"statementMap":{"0":{"start":{"line":1,"column":0},"end":{"line":1,"column":10}},"1":{"start":{"line":2,"column":0},"end":{"line":2,"column":12}},"2":{"start":{"line":3,"column":0},"end":{"line":3,"column":29}},"3":{"start":{"line":4,"column":0},"end":{"line":4,"column":59}},"4":{"start":{"line":5,"column":0},"end":{"line":5,"column":18}},"5":{"start":{"line":6,"column":0},"end":{"line":6,"column":17}},"6":{"start":{"line":7,"column":0},"end":{"line":7,"column":13}},"7":{"start":{"line":8,"column":0},"end":{"line":8,"column":33}},"9":{"start":{"line":10,"column":0},"end":{"line":10,"column":34}},"10":{"start":{"line":11,"column":0},"end":{"line":11,"column":31}},"11":{"start":{"line":12,"column":0},"end":{"line":12,"column":17}},"12":{"start":{"line":13,"column":0},"end":{"line":13,"column":29}},"13":{"start":{"line":14,"column":0},"end":{"line":14,"column":25}},"14":{"start":{"line":15,"column":0},"end":{"line":15,"column":25}},"15":{"start":{"line":16,"column":0},"end":{"line":16,"column":32}},"16":{"start":{"line":17,"column":0},"end":{"line":17,"column":19}},"17":{"start":{"line":18,"column":0},"end":{"line":18,"column":10}},"18":{"start":{"line":19,"column":0},"end":{"line":19,"column":21}},"19":{"start":{"line":20,"column":0},"end":{"line":20,"column":31}},"20":{"start":{"line":21,"column":0},"end":{"line":21,"column":17}},"21":{"start":{"line":22,"column":0},"end":{"line":22,"column":35}},"22":{"start":{"line":23,"column":0},"end":{"line":23,"column":25}},"23":{"start":{"line":24,"column":0},"end":{"line":24,"column":19}},"24":{"start":{"line":25,"column":0},"end":{"line":25,"column":25}},"25":{"start":{"line":26,"column":0},"end":{"line":26,"column":25}},"26":{"start":{"line":27,"column":0},"end":{"line":27,"column":32}},"27":{"start":{"line":28,"column":0},"end":{"line":28,"column":10}},"28":{"start":{"line":29,"column":0},"end":{"line":29,"column":21}},"29":{"start":{"line":30,"column":0},"end":{"line":30,"column":31}},"30":{"start":{"line":31,"column":0},"end":{"line":31,"column":36}},"31":{"start":{"line":32,"column":0},"end":{"line":32,"column":19}},"32":{"start":{"line":33,"column":0},"end":{"line":33,"column":30}},"33":{"start":{"line":34,"column":0},"end":{"line":34,"column":38}},"34":{"start":{"line":35,"column":0},"end":{"line":35,"column":33}},"35":{"start":{"line":36,"column":0},"end":{"line":36,"column":21}},"36":{"start":{"line":37,"column":0},"end":{"line":37,"column":12}},"37":{"start":{"line":38,"column":0},"end":{"line":38,"column":60}},"38":{"start":{"line":39,"column":0},"end":{"line":39,"column":19}},"39":{"start":{"line":40,"column":0},"end":{"line":40,"column":46}},"40":{"start":{"line":41,"column":0},"end":{"line":41,"column":26}},"41":{"start":{"line":42,"column":0},"end":{"line":42,"column":22}},"42":{"start":{"line":43,"column":0},"end":{"line":43,"column":39}},"43":{"start":{"line":44,"column":0},"end":{"line":44,"column":26}},"44":{"start":{"line":45,"column":0},"end":{"line":45,"column":32}},"45":{"start":{"line":46,"column":0},"end":{"line":46,"column":16}},"46":{"start":{"line":47,"column":0},"end":{"line":47,"column":14}},"47":{"start":{"line":48,"column":0},"end":{"line":48,"column":21}},"48":{"start":{"line":49,"column":0},"end":{"line":49,"column":33}},"49":{"start":{"line":50,"column":0},"end":{"line":50,"column":23}},"50":{"start":{"line":51,"column":0},"end":{"line":51,"column":36}},"51":{"start":{"line":52,"column":0},"end":{"line":52,"column":25}},"52":{"start":{"line":53,"column":0},"end":{"line":53,"column":42}},"53":{"start":{"line":54,"column":0},"end":{"line":54,"column":38}},"54":{"start":{"line":55,"column":0},"end":{"line":55,"column":44}},"55":{"start":{"line":56,"column":0},"end":{"line":56,"column":19}},"56":{"start":{"line":57,"column":0},"end":{"line":57,"column":29}},"57":{"start":{"line":58,"column":0},"end":{"line":58,"column":10}},"58":{"start":{"line":59,"column":0},"end":{"line":59,"column":21}},"59":{"start":{"line":60,"column":0},"end":{"line":60,"column":31}},"60":{"start":{"line":61,"column":0},"end":{"line":61,"column":34}},"61":{"start":{"line":62,"column":0},"end":{"line":62,"column":14}},"62":{"start":{"line":63,"column":0},"end":{"line":63,"column":34}},"63":{"start":{"line":64,"column":0},"end":{"line":64,"column":24}},"64":{"start":{"line":65,"column":0},"end":{"line":65,"column":38}},"68":{"start":{"line":69,"column":0},"end":{"line":69,"column":27}},"69":{"start":{"line":70,"column":0},"end":{"line":70,"column":50}},"70":{"start":{"line":71,"column":0},"end":{"line":71,"column":42}},"71":{"start":{"line":72,"column":0},"end":{"line":72,"column":46}},"72":{"start":{"line":73,"column":0},"end":{"line":73,"column":33}},"73":{"start":{"line":74,"column":0},"end":{"line":74,"column":49}},"74":{"start":{"line":75,"column":0},"end":{"line":75,"column":49}},"76":{"start":{"line":77,"column":0},"end":{"line":77,"column":82}},"77":{"start":{"line":78,"column":0},"end":{"line":78,"column":96}},"78":{"start":{"line":79,"column":0},"end":{"line":79,"column":56}},"79":{"start":{"line":80,"column":0},"end":{"line":80,"column":58}},"80":{"start":{"line":81,"column":0},"end":{"line":81,"column":16}},"81":{"start":{"line":82,"column":0},"end":{"line":82,"column":14}},"82":{"start":{"line":83,"column":0},"end":{"line":83,"column":21}},"83":{"start":{"line":84,"column":0},"end":{"line":84,"column":14}},"85":{"start":{"line":86,"column":0},"end":{"line":86,"column":22}},"86":{"start":{"line":87,"column":0},"end":{"line":87,"column":73}},"87":{"start":{"line":88,"column":0},"end":{"line":88,"column":16}},"88":{"start":{"line":89,"column":0},"end":{"line":89,"column":22}},"89":{"start":{"line":90,"column":0},"end":{"line":90,"column":13}},"90":{"start":{"line":91,"column":0},"end":{"line":91,"column":38}},"91":{"start":{"line":92,"column":0},"end":{"line":92,"column":39}},"92":{"start":{"line":93,"column":0},"end":{"line":93,"column":7}},"94":{"start":{"line":95,"column":0},"end":{"line":95,"column":18}},"95":{"start":{"line":96,"column":0},"end":{"line":96,"column":16}},"96":{"start":{"line":97,"column":0},"end":{"line":97,"column":22}},"97":{"start":{"line":98,"column":0},"end":{"line":98,"column":38}},"98":{"start":{"line":99,"column":0},"end":{"line":99,"column":36}},"99":{"start":{"line":100,"column":0},"end":{"line":100,"column":7}},"101":{"start":{"line":102,"column":0},"end":{"line":102,"column":18}},"103":{"start":{"line":104,"column":0},"end":{"line":104,"column":14}},"107":{"start":{"line":108,"column":0},"end":{"line":108,"column":42}},"108":{"start":{"line":109,"column":0},"end":{"line":109,"column":40}},"110":{"start":{"line":111,"column":0},"end":{"line":111,"column":19}},"112":{"start":{"line":113,"column":0},"end":{"line":113,"column":27}},"118":{"start":{"line":119,"column":0},"end":{"line":119,"column":56}},"120":{"start":{"line":121,"column":0},"end":{"line":121,"column":25}},"121":{"start":{"line":122,"column":0},"end":{"line":122,"column":31}},"122":{"start":{"line":123,"column":0},"end":{"line":123,"column":24}},"123":{"start":{"line":124,"column":0},"end":{"line":124,"column":24}},"124":{"start":{"line":125,"column":0},"end":{"line":125,"column":32}},"125":{"start":{"line":126,"column":0},"end":{"line":126,"column":34}},"127":{"start":{"line":128,"column":0},"end":{"line":128,"column":59}},"129":{"start":{"line":130,"column":0},"end":{"line":130,"column":41}},"130":{"start":{"line":131,"column":0},"end":{"line":131,"column":13}},"131":{"start":{"line":132,"column":0},"end":{"line":132,"column":24}},"132":{"start":{"line":133,"column":0},"end":{"line":133,"column":30}},"133":{"start":{"line":134,"column":0},"end":{"line":134,"column":23}},"134":{"start":{"line":135,"column":0},"end":{"line":135,"column":23}},"135":{"start":{"line":136,"column":0},"end":{"line":136,"column":31}},"136":{"start":{"line":137,"column":0},"end":{"line":137,"column":32}},"137":{"start":{"line":138,"column":0},"end":{"line":138,"column":62}},"138":{"start":{"line":139,"column":0},"end":{"line":139,"column":5}},"139":{"start":{"line":140,"column":0},"end":{"line":140,"column":3}},"140":{"start":{"line":141,"column":0},"end":{"line":141,"column":2}},"142":{"start":{"line":143,"column":0},"end":{"line":143,"column":23}},"143":{"start":{"line":144,"column":0},"end":{"line":144,"column":27}},"144":{"start":{"line":145,"column":0},"end":{"line":145,"column":41}},"145":{"start":{"line":146,"column":0},"end":{"line":146,"column":24}},"146":{"start":{"line":147,"column":0},"end":{"line":147,"column":22}},"147":{"start":{"line":148,"column":0},"end":{"line":148,"column":10}},"148":{"start":{"line":149,"column":0},"end":{"line":149,"column":19}},"149":{"start":{"line":150,"column":0},"end":{"line":150,"column":3}},"150":{"start":{"line":151,"column":0},"end":{"line":151,"column":26}},"151":{"start":{"line":152,"column":0},"end":{"line":152,"column":1}},"153":{"start":{"line":154,"column":0},"end":{"line":154,"column":19}},"154":{"start":{"line":155,"column":0},"end":{"line":155,"column":41}},"155":{"start":{"line":156,"column":0},"end":{"line":156,"column":16}},"156":{"start":{"line":157,"column":0},"end":{"line":157,"column":42}},"157":{"start":{"line":158,"column":0},"end":{"line":158,"column":43}},"158":{"start":{"line":159,"column":0},"end":{"line":159,"column":10}},"159":{"start":{"line":160,"column":0},"end":{"line":160,"column":3}},"160":{"start":{"line":161,"column":0},"end":{"line":161,"column":35}},"161":{"start":{"line":162,"column":0},"end":{"line":162,"column":23}},"162":{"start":{"line":163,"column":0},"end":{"line":163,"column":10}},"163":{"start":{"line":164,"column":0},"end":{"line":164,"column":3}},"164":{"start":{"line":165,"column":0},"end":{"line":165,"column":41}},"165":{"start":{"line":166,"column":0},"end":{"line":166,"column":21}},"166":{"start":{"line":167,"column":0},"end":{"line":167,"column":1}},"168":{"start":{"line":169,"column":0},"end":{"line":169,"column":25}},"169":{"start":{"line":170,"column":0},"end":{"line":170,"column":61}},"170":{"start":{"line":171,"column":0},"end":{"line":171,"column":1}},"172":{"start":{"line":173,"column":0},"end":{"line":173,"column":37}},"173":{"start":{"line":174,"column":0},"end":{"line":174,"column":48}},"174":{"start":{"line":175,"column":0},"end":{"line":175,"column":27}},"175":{"start":{"line":176,"column":0},"end":{"line":176,"column":39}},"176":{"start":{"line":177,"column":0},"end":{"line":177,"column":30}},"177":{"start":{"line":178,"column":0},"end":{"line":178,"column":47}},"178":{"start":{"line":179,"column":0},"end":{"line":179,"column":57}},"179":{"start":{"line":180,"column":0},"end":{"line":180,"column":9}},"180":{"start":{"line":181,"column":0},"end":{"line":181,"column":4}},"181":{"start":{"line":182,"column":0},"end":{"line":182,"column":34}},"182":{"start":{"line":183,"column":0},"end":{"line":183,"column":1}}},"s":{"0":1,"1":1,"2":1,"3":1,"4":1,"5":1,"6":1,"7":1,"9":1,"10":1,"11":1,"12":1,"13":1,"14":1,"15":1,"16":1,"17":1,"18":1,"19":1,"20":1,"21":1,"22":1,"23":1,"24":1,"25":1,"26":1,"27":1,"28":1,"29":1,"30":1,"31":1,"32":1,"33":1,"34":1,"35":1,"36":1,"37":1,"38":1,"39":1,"40":1,"41":1,"42":1,"43":1,"44":1,"45":1,"46":1,"47":1,"48":1,"49":1,"50":1,"51":1,"52":1,"53":1,"54":1,"55":1,"56":1,"57":1,"58":1,"59":1,"60":1,"61":1,"62":1,"63":1,"64":1,"68":1,"69":1,"70":1,"71":1,"72":1,"73":1,"74":1,"76":1,"77":1,"78":1,"79":1,"80":1,"81":1,"82":1,"83":1,"85":1,"86":1,"87":1,"88":1,"89":1,"90":1,"91":1,"92":1,"94":1,"95":1,"96":1,"97":1,"98":1,"99":1,"101":1,"103":1,"107":1,"108":1,"110":1,"112":1,"118":1,"120":1,"121":1,"122":1,"123":1,"124":1,"125":1,"127":1,"129":1,"130":11,"131":11,"132":11,"133":11,"134":11,"135":11,"136":11,"137":11,"138":11,"139":11,"140":11,"142":4,"143":4,"144":3,"145":4,"146":2,"147":4,"148":1,"149":1,"150":3,"151":3,"153":15,"154":15,"155":15,"156":15,"157":1,"158":1,"159":1,"160":15,"161":1,"162":1,"163":1,"164":12,"165":12,"166":12,"168":1,"169":1,"170":1,"172":2,"173":2,"174":2,"175":2,"176":2,"177":2,"178":2,"179":2,"180":2,"181":2,"182":2},"branchMap":{"0":{"type":"branch","line":128,"loc":{"start":{"line":128,"column":30},"end":{"line":128,"column":58}},"locations":[{"start":{"line":128,"column":30},"end":{"line":128,"column":58}}]},"1":{"type":"branch","line":130,"loc":{"start":{"line":130,"column":6},"end":{"line":130,"column":28}},"locations":[{"start":{"line":130,"column":6},"end":{"line":130,"column":28}}]},"2":{"type":"branch","line":130,"loc":{"start":{"line":130,"column":30},"end":{"line":141,"column":2}},"locations":[{"start":{"line":130,"column":30},"end":{"line":141,"column":2}}]},"3":{"type":"branch","line":138,"loc":{"start":{"line":138,"column":29},"end":{"line":138,"column":45}},"locations":[{"start":{"line":138,"column":29},"end":{"line":138,"column":45}}]},"4":{"type":"branch","line":138,"loc":{"start":{"line":138,"column":51},"end":{"line":138,"column":61}},"locations":[{"start":{"line":138,"column":51},"end":{"line":138,"column":61}}]},"5":{"type":"branch","line":143,"loc":{"start":{"line":143,"column":0},"end":{"line":152,"column":1}},"locations":[{"start":{"line":143,"column":0},"end":{"line":152,"column":1}}]},"6":{"type":"branch","line":144,"loc":{"start":{"line":144,"column":21},"end":{"line":144,"column":26}},"locations":[{"start":{"line":144,"column":21},"end":{"line":144,"column":26}}]},"7":{"type":"branch","line":144,"loc":{"start":{"line":144,"column":26},"end":{"line":146,"column":23}},"locations":[{"start":{"line":144,"column":26},"end":{"line":146,"column":23}}]},"8":{"type":"branch","line":146,"loc":{"start":{"line":146,"column":23},"end":{"line":148,"column":3}},"locations":[{"start":{"line":146,"column":23},"end":{"line":148,"column":3}}]},"9":{"type":"branch","line":148,"loc":{"start":{"line":148,"column":3},"end":{"line":150,"column":3}},"locations":[{"start":{"line":148,"column":3},"end":{"line":150,"column":3}}]},"10":{"type":"branch","line":150,"loc":{"start":{"line":150,"column":2},"end":{"line":152,"column":1}},"locations":[{"start":{"line":150,"column":2},"end":{"line":152,"column":1}}]},"11":{"type":"branch","line":154,"loc":{"start":{"line":154,"column":0},"end":{"line":167,"column":1}},"locations":[{"start":{"line":154,"column":0},"end":{"line":167,"column":1}}]},"12":{"type":"branch","line":155,"loc":{"start":{"line":155,"column":28},"end":{"line":155,"column":33}},"locations":[{"start":{"line":155,"column":28},"end":{"line":155,"column":33}}]},"13":{"type":"branch","line":156,"loc":{"start":{"line":156,"column":10},"end":{"line":156,"column":15}},"locations":[{"start":{"line":156,"column":10},"end":{"line":156,"column":15}}]},"14":{"type":"branch","line":156,"loc":{"start":{"line":156,"column":15},"end":{"line":157,"column":41}},"locations":[{"start":{"line":156,"column":15},"end":{"line":157,"column":41}}]},"15":{"type":"branch","line":157,"loc":{"start":{"line":157,"column":41},"end":{"line":160,"column":3}},"locations":[{"start":{"line":157,"column":41},"end":{"line":160,"column":3}}]},"16":{"type":"branch","line":160,"loc":{"start":{"line":160,"column":2},"end":{"line":161,"column":34}},"locations":[{"start":{"line":160,"column":2},"end":{"line":161,"column":34}}]},"17":{"type":"branch","line":161,"loc":{"start":{"line":161,"column":34},"end":{"line":164,"column":3}},"locations":[{"start":{"line":161,"column":34},"end":{"line":164,"column":3}}]},"18":{"type":"branch","line":164,"loc":{"start":{"line":164,"column":2},"end":{"line":167,"column":1}},"locations":[{"start":{"line":164,"column":2},"end":{"line":167,"column":1}}]},"19":{"type":"branch","line":169,"loc":{"start":{"line":169,"column":0},"end":{"line":171,"column":1}},"locations":[{"start":{"line":169,"column":0},"end":{"line":171,"column":1}}]},"20":{"type":"branch","line":170,"loc":{"start":{"line":170,"column":41},"end":{"line":170,"column":60}},"locations":[{"start":{"line":170,"column":41},"end":{"line":170,"column":60}}]},"21":{"type":"branch","line":173,"loc":{"start":{"line":173,"column":0},"end":{"line":183,"column":1}},"locations":[{"start":{"line":173,"column":0},"end":{"line":183,"column":1}}]},"22":{"type":"branch","line":178,"loc":{"start":{"line":178,"column":41},"end":{"line":178,"column":46}},"locations":[{"start":{"line":178,"column":41},"end":{"line":178,"column":46}}]},"23":{"type":"branch","line":4,"loc":{"start":{"line":4,"column":23},"end":{"line":4,"column":59}},"locations":[{"start":{"line":4,"column":23},"end":{"line":4,"column":59}}]},"24":{"type":"branch","line":87,"loc":{"start":{"line":87,"column":23},"end":{"line":87,"column":59}},"locations":[{"start":{"line":87,"column":23},"end":{"line":87,"column":59}}]},"25":{"type":"branch","line":92,"loc":{"start":{"line":92,"column":14},"end":{"line":92,"column":39}},"locations":[{"start":{"line":92,"column":14},"end":{"line":92,"column":39}}]},"26":{"type":"branch","line":99,"loc":{"start":{"line":99,"column":14},"end":{"line":99,"column":36}},"locations":[{"start":{"line":99,"column":14},"end":{"line":99,"column":36}}]},"27":{"type":"branch","line":87,"loc":{"start":{"line":87,"column":23},"end":{"line":87,"column":59}},"locations":[{"start":{"line":87,"column":23},"end":{"line":87,"column":59}}]},"28":{"type":"branch","line":92,"loc":{"start":{"line":92,"column":14},"end":{"line":92,"column":39}},"locations":[{"start":{"line":92,"column":14},"end":{"line":92,"column":39}}]},"29":{"type":"branch","line":99,"loc":{"start":{"line":99,"column":14},"end":{"line":99,"column":36}},"locations":[{"start":{"line":99,"column":14},"end":{"line":99,"column":36}}]},"30":{"type":"branch","line":13,"loc":{"start":{"line":13,"column":19},"end":{"line":13,"column":29}},"locations":[{"start":{"line":13,"column":19},"end":{"line":13,"column":29}}]},"31":{"type":"branch","line":13,"loc":{"start":{"line":13,"column":19},"end":{"line":13,"column":29}},"locations":[{"start":{"line":13,"column":19},"end":{"line":13,"column":29}}]},"32":{"type":"branch","line":33,"loc":{"start":{"line":33,"column":21},"end":{"line":33,"column":30}},"locations":[{"start":{"line":33,"column":21},"end":{"line":33,"column":30}}]},"33":{"type":"branch","line":33,"loc":{"start":{"line":33,"column":21},"end":{"line":33,"column":30}},"locations":[{"start":{"line":33,"column":21},"end":{"line":33,"column":30}}]},"34":{"type":"branch","line":43,"loc":{"start":{"line":43,"column":20},"end":{"line":43,"column":39}},"locations":[{"start":{"line":43,"column":20},"end":{"line":43,"column":39}}]},"35":{"type":"branch","line":51,"loc":{"start":{"line":51,"column":19},"end":{"line":51,"column":36}},"locations":[{"start":{"line":51,"column":19},"end":{"line":51,"column":36}}]},"36":{"type":"branch","line":51,"loc":{"start":{"line":51,"column":19},"end":{"line":51,"column":36}},"locations":[{"start":{"line":51,"column":19},"end":{"line":51,"column":36}}]},"37":{"type":"branch","line":72,"loc":{"start":{"line":72,"column":30},"end":{"line":72,"column":46}},"locations":[{"start":{"line":72,"column":30},"end":{"line":72,"column":46}}]},"38":{"type":"branch","line":72,"loc":{"start":{"line":72,"column":30},"end":{"line":72,"column":46}},"locations":[{"start":{"line":72,"column":30},"end":{"line":72,"column":46}}]},"39":{"type":"branch","line":73,"loc":{"start":{"line":73,"column":18},"end":{"line":73,"column":33}},"locations":[{"start":{"line":73,"column":18},"end":{"line":73,"column":33}}]}},"b":{"0":[14],"1":[22],"2":[11],"3":[31],"4":[20],"5":[4],"6":[1],"7":[3],"8":[2],"9":[1],"10":[3],"11":[15],"12":[0],"13":[1],"14":[14],"15":[1],"16":[13],"17":[1],"18":[12],"19":[1],"20":[1],"21":[2],"22":[1],"23":[11],"24":[11],"25":[11],"26":[11],"27":[1],"28":[1],"29":[1],"30":[11],"31":[1],"32":[11],"33":[15],"34":[1],"35":[11],"36":[1],"37":[14],"38":[26],"39":[4]},"fnMap":{"0":{"name":"__vite_ssr_import_0__.watch.formTitle.value","decl":{"start":{"line":130,"column":6},"end":{"line":130,"column":28}},"loc":{"start":{"line":130,"column":6},"end":{"line":130,"column":28}},"line":130},"1":{"name":"toggleKey","decl":{"start":{"line":143,"column":0},"end":{"line":152,"column":1}},"loc":{"start":{"line":143,"column":0},"end":{"line":152,"column":1}},"line":143},"2":{"name":"addTag","decl":{"start":{"line":154,"column":0},"end":{"line":167,"column":1}},"loc":{"start":{"line":154,"column":0},"end":{"line":167,"column":1}},"line":154},"3":{"name":"removeTag","decl":{"start":{"line":169,"column":0},"end":{"line":171,"column":1}},"loc":{"start":{"line":169,"column":0},"end":{"line":171,"column":1}},"line":169},"4":{"name":"handleApply","decl":{"start":{"line":173,"column":0},"end":{"line":183,"column":1}},"loc":{"start":{"line":173,"column":0},"end":{"line":183,"column":1}},"line":173},"5":{"name":"__vite_ssr_import_2__.createBlock.onUpdate:modelValue._cache.<computed>._cache.<computed>","decl":{"start":{"line":4,"column":23},"end":{"line":4,"column":59}},"loc":{"start":{"line":4,"column":23},"end":{"line":4,"column":59}},"line":4},"6":{"name":"__vite_ssr_import_2__.createVNode.onClick._cache.<computed>._cache.<computed>","decl":{"start":{"line":87,"column":23},"end":{"line":87,"column":59}},"loc":{"start":{"line":87,"column":23},"end":{"line":87,"column":59}},"line":87},"7":{"name":"__vite_ssr_import_2__.createVNode.onClick._cache.<computed>._cache.<computed>","decl":{"start":{"line":92,"column":14},"end":{"line":92,"column":39}},"loc":{"start":{"line":92,"column":14},"end":{"line":92,"column":39}},"line":92},"8":{"name":"__vite_ssr_import_2__.createVNode.onClick._cache.<computed>._cache.<computed>","decl":{"start":{"line":99,"column":14},"end":{"line":99,"column":36}},"loc":{"start":{"line":99,"column":14},"end":{"line":99,"column":36}},"line":99},"9":{"name":"__vite_ssr_import_2__.createVNode.onUpdate:modelValue._cache.<computed>._cache.<computed>","decl":{"start":{"line":13,"column":19},"end":{"line":13,"column":29}},"loc":{"start":{"line":13,"column":19},"end":{"line":13,"column":29}},"line":13},"10":{"name":"__vite_ssr_import_2__.createVNode.onUpdate:modelValue._cache.<computed>._cache.<computed>","decl":{"start":{"line":22,"column":19},"end":{"line":22,"column":35}},"loc":{"start":{"line":22,"column":19},"end":{"line":22,"column":35}},"line":22},"11":{"name":"__vite_ssr_import_2__.createElementVNode.__vite_ssr_import_2__.createVNode.onUpdate:modelValue._cache.<computed>._cache.<computed>","decl":{"start":{"line":33,"column":21},"end":{"line":33,"column":30}},"loc":{"start":{"line":33,"column":21},"end":{"line":33,"column":30}},"line":33},"12":{"name":"onClose","decl":{"start":{"line":43,"column":20},"end":{"line":43,"column":39}},"loc":{"start":{"line":43,"column":20},"end":{"line":43,"column":39}},"line":43},"13":{"name":"__vite_ssr_import_2__.createVNode.onUpdate:modelValue._cache.<computed>._cache.<computed>","decl":{"start":{"line":51,"column":19},"end":{"line":51,"column":36}},"loc":{"start":{"line":51,"column":19},"end":{"line":51,"column":36}},"line":51},"14":{"name":"onClick","decl":{"start":{"line":73,"column":18},"end":{"line":73,"column":33}},"loc":{"start":{"line":73,"column":18},"end":{"line":73,"column":33}},"line":73}},"f":{"0":22,"1":4,"2":15,"3":1,"4":2,"5":0,"6":1,"7":1,"8":1,"9":1,"10":0,"11":15,"12":1,"13":1,"14":4}}
,"/home/dev/social-auto-upload-web-ui/.worktrees/feature-20260820-phase3/frontend/src/components/OneClickFillDialog.vue": {"path":"/home/dev/social-auto-upload-web-ui/.worktrees/feature-20260820-phase3/frontend/src/components/OneClickFillDialog.vue","all":false,"statementMap":{"0":{"start":{"line":1,"column":0},"end":{"line":1,"column":10}},"1":{"start":{"line":2,"column":0},"end":{"line":2,"column":12}},"2":{"start":{"line":3,"column":0},"end":{"line":3,"column":29}},"3":{"start":{"line":4,"column":0},"end":{"line":4,"column":59}},"4":{"start":{"line":5,"column":0},"end":{"line":5,"column":21}},"5":{"start":{"line":6,"column":0},"end":{"line":6,"column":15}},"6":{"start":{"line":7,"column":0},"end":{"line":7,"column":13}},"8":{"start":{"line":9,"column":0},"end":{"line":9,"column":42}},"9":{"start":{"line":10,"column":0},"end":{"line":10,"column":15}},"10":{"start":{"line":11,"column":0},"end":{"line":11,"column":44}},"11":{"start":{"line":12,"column":0},"end":{"line":12,"column":79}},"12":{"start":{"line":13,"column":0},"end":{"line":13,"column":8}},"13":{"start":{"line":14,"column":0},"end":{"line":14,"column":92}},"14":{"start":{"line":15,"column":0},"end":{"line":15,"column":32}},"15":{"start":{"line":16,"column":0},"end":{"line":16,"column":72}},"16":{"start":{"line":17,"column":0},"end":{"line":17,"column":48}},"17":{"start":{"line":18,"column":0},"end":{"line":18,"column":53}},"18":{"start":{"line":19,"column":0},"end":{"line":19,"column":16}},"19":{"start":{"line":20,"column":0},"end":{"line":20,"column":14}},"20":{"start":{"line":21,"column":0},"end":{"line":21,"column":31}},"21":{"start":{"line":22,"column":0},"end":{"line":22,"column":67}},"22":{"start":{"line":23,"column":0},"end":{"line":23,"column":84}},"23":{"start":{"line":24,"column":0},"end":{"line":24,"column":37}},"24":{"start":{"line":25,"column":0},"end":{"line":25,"column":125}},"25":{"start":{"line":26,"column":0},"end":{"line":26,"column":41}},"26":{"start":{"line":27,"column":0},"end":{"line":27,"column":19}},"27":{"start":{"line":28,"column":0},"end":{"line":28,"column":16}},"28":{"start":{"line":29,"column":0},"end":{"line":29,"column":82}},"29":{"start":{"line":30,"column":0},"end":{"line":30,"column":14}},"30":{"start":{"line":31,"column":0},"end":{"line":31,"column":12}},"31":{"start":{"line":32,"column":0},"end":{"line":32,"column":10}},"33":{"start":{"line":34,"column":0},"end":{"line":34,"column":18}},"34":{"start":{"line":35,"column":0},"end":{"line":35,"column":22}},"35":{"start":{"line":36,"column":0},"end":{"line":36,"column":33}},"36":{"start":{"line":37,"column":0},"end":{"line":37,"column":34}},"37":{"start":{"line":38,"column":0},"end":{"line":38,"column":20}},"38":{"start":{"line":39,"column":0},"end":{"line":39,"column":32}},"39":{"start":{"line":40,"column":0},"end":{"line":40,"column":54}},"40":{"start":{"line":41,"column":0},"end":{"line":41,"column":28}},"41":{"start":{"line":42,"column":0},"end":{"line":42,"column":25}},"42":{"start":{"line":43,"column":0},"end":{"line":43,"column":6}},"43":{"start":{"line":44,"column":0},"end":{"line":44,"column":14}},"47":{"start":{"line":48,"column":0},"end":{"line":48,"column":32}},"48":{"start":{"line":49,"column":0},"end":{"line":49,"column":38}},"49":{"start":{"line":50,"column":0},"end":{"line":50,"column":49}},"51":{"start":{"line":52,"column":0},"end":{"line":52,"column":27}},"55":{"start":{"line":56,"column":0},"end":{"line":56,"column":55}},"57":{"start":{"line":58,"column":0},"end":{"line":58,"column":26}},"58":{"start":{"line":59,"column":0},"end":{"line":59,"column":20}},"59":{"start":{"line":60,"column":0},"end":{"line":60,"column":20}},"60":{"start":{"line":61,"column":0},"end":{"line":61,"column":19}},"61":{"start":{"line":62,"column":0},"end":{"line":62,"column":24}},"63":{"start":{"line":64,"column":0},"end":{"line":64,"column":34}},"64":{"start":{"line":65,"column":0},"end":{"line":65,"column":21}},"65":{"start":{"line":66,"column":0},"end":{"line":66,"column":25}},"66":{"start":{"line":67,"column":0},"end":{"line":67,"column":24}},"67":{"start":{"line":68,"column":0},"end":{"line":68,"column":31}},"68":{"start":{"line":69,"column":0},"end":{"line":69,"column":28}},"69":{"start":{"line":70,"column":0},"end":{"line":70,"column":56}},"70":{"start":{"line":71,"column":0},"end":{"line":71,"column":59}},"71":{"start":{"line":72,"column":0},"end":{"line":72,"column":60}},"72":{"start":{"line":73,"column":0},"end":{"line":73,"column":38}},"73":{"start":{"line":74,"column":0},"end":{"line":74,"column":1}},"75":{"start":{"line":76,"column":0},"end":{"line":76,"column":40}},"76":{"start":{"line":77,"column":0},"end":{"line":77,"column":27}},"77":{"start":{"line":78,"column":0},"end":{"line":78,"column":104}},"78":{"start":{"line":79,"column":0},"end":{"line":79,"column":1}},"80":{"start":{"line":81,"column":0},"end":{"line":81,"column":23}},"81":{"start":{"line":82,"column":0},"end":{"line":82,"column":22}},"82":{"start":{"line":83,"column":0},"end":{"line":83,"column":7}},"83":{"start":{"line":84,"column":0},"end":{"line":84,"column":61}},"84":{"start":{"line":85,"column":0},"end":{"line":85,"column":67}},"85":{"start":{"line":86,"column":0},"end":{"line":86,"column":6}},"86":{"start":{"line":87,"column":0},"end":{"line":87,"column":38}},"87":{"start":{"line":88,"column":0},"end":{"line":88,"column":31}},"88":{"start":{"line":89,"column":0},"end":{"line":89,"column":57}},"89":{"start":{"line":90,"column":0},"end":{"line":90,"column":63}},"90":{"start":{"line":91,"column":0},"end":{"line":91,"column":64}},"91":{"start":{"line":92,"column":0},"end":{"line":92,"column":13}},"92":{"start":{"line":93,"column":0},"end":{"line":93,"column":75}},"93":{"start":{"line":94,"column":0},"end":{"line":94,"column":28}},"94":{"start":{"line":95,"column":0},"end":{"line":95,"column":20}},"95":{"start":{"line":96,"column":0},"end":{"line":96,"column":43}},"96":{"start":{"line":97,"column":0},"end":{"line":97,"column":137}},"97":{"start":{"line":98,"column":0},"end":{"line":98,"column":29}},"98":{"start":{"line":99,"column":0},"end":{"line":99,"column":18}},"99":{"start":{"line":100,"column":0},"end":{"line":100,"column":30}},"100":{"start":{"line":101,"column":0},"end":{"line":101,"column":11}},"101":{"start":{"line":102,"column":0},"end":{"line":102,"column":21}},"102":{"start":{"line":103,"column":0},"end":{"line":103,"column":28}},"103":{"start":{"line":104,"column":0},"end":{"line":104,"column":9}},"104":{"start":{"line":105,"column":0},"end":{"line":105,"column":14}},"105":{"start":{"line":106,"column":0},"end":{"line":106,"column":26}},"106":{"start":{"line":107,"column":0},"end":{"line":107,"column":7}},"107":{"start":{"line":108,"column":0},"end":{"line":108,"column":5}},"108":{"start":{"line":109,"column":0},"end":{"line":109,"column":22}},"109":{"start":{"line":110,"column":0},"end":{"line":110,"column":38}},"110":{"start":{"line":111,"column":0},"end":{"line":111,"column":15}},"111":{"start":{"line":112,"column":0},"end":{"line":112,"column":19}},"112":{"start":{"line":113,"column":0},"end":{"line":113,"column":19}},"113":{"start":{"line":114,"column":0},"end":{"line":114,"column":13}},"114":{"start":{"line":115,"column":0},"end":{"line":115,"column":25}},"115":{"start":{"line":116,"column":0},"end":{"line":116,"column":3}},"116":{"start":{"line":117,"column":0},"end":{"line":117,"column":1}},"118":{"start":{"line":119,"column":0},"end":{"line":119,"column":41}},"119":{"start":{"line":120,"column":0},"end":{"line":120,"column":13}},"120":{"start":{"line":121,"column":0},"end":{"line":121,"column":18}},"121":{"start":{"line":122,"column":0},"end":{"line":122,"column":10}},"122":{"start":{"line":123,"column":0},"end":{"line":123,"column":3}},"123":{"start":{"line":124,"column":0},"end":{"line":124,"column":2}},"125":{"start":{"line":126,"column":0},"end":{"line":126,"column":29}},"126":{"start":{"line":127,"column":0},"end":{"line":127,"column":22}},"127":{"start":{"line":128,"column":0},"end":{"line":128,"column":34}},"128":{"start":{"line":129,"column":0},"end":{"line":129,"column":1}}},"s":{"0":1,"1":1,"2":1,"3":1,"4":1,"5":1,"6":1,"8":1,"9":1,"10":1,"11":1,"12":1,"13":1,"14":1,"15":1,"16":1,"17":1,"18":1,"19":1,"20":1,"21":1,"22":1,"23":1,"24":1,"25":1,"26":1,"27":1,"28":1,"29":1,"30":1,"31":1,"33":1,"34":1,"35":1,"36":1,"37":1,"38":1,"39":1,"40":1,"41":1,"42":1,"43":1,"47":1,"48":1,"49":1,"51":1,"55":1,"57":1,"58":1,"59":1,"60":1,"61":1,"63":11,"64":11,"65":11,"66":11,"67":11,"68":11,"69":11,"70":11,"71":11,"72":1,"73":1,"75":4,"76":4,"77":4,"78":4,"80":11,"81":11,"82":11,"83":11,"84":11,"85":11,"86":11,"87":11,"88":10,"89":4,"90":10,"91":3,"92":3,"93":2,"94":3,"95":1,"96":1,"97":1,"98":1,"99":1,"100":1,"101":3,"102":1,"103":1,"104":3,"105":3,"106":3,"107":10,"108":10,"109":11,"110":11,"111":1,"112":1,"113":11,"114":11,"115":11,"116":11,"118":1,"119":10,"120":10,"121":10,"122":10,"123":10,"125":1,"126":1,"127":1,"128":1},"branchMap":{"0":{"type":"branch","line":64,"loc":{"start":{"line":64,"column":0},"end":{"line":74,"column":1}},"locations":[{"start":{"line":64,"column":0},"end":{"line":74,"column":1}}]},"1":{"type":"branch","line":65,"loc":{"start":{"line":65,"column":12},"end":{"line":65,"column":21}},"locations":[{"start":{"line":65,"column":12},"end":{"line":65,"column":21}}]},"2":{"type":"branch","line":69,"loc":{"start":{"line":69,"column":17},"end":{"line":69,"column":28}},"locations":[{"start":{"line":69,"column":17},"end":{"line":69,"column":28}}]},"3":{"type":"branch","line":69,"loc":{"start":{"line":69,"column":27},"end":{"line":70,"column":19}},"locations":[{"start":{"line":69,"column":27},"end":{"line":70,"column":19}}]},"4":{"type":"branch","line":70,"loc":{"start":{"line":70,"column":19},"end":{"line":70,"column":56}},"locations":[{"start":{"line":70,"column":19},"end":{"line":70,"column":56}}]},"5":{"type":"branch","line":70,"loc":{"start":{"line":70,"column":55},"end":{"line":71,"column":20}},"locations":[{"start":{"line":70,"column":55},"end":{"line":71,"column":20}}]},"6":{"type":"branch","line":71,"loc":{"start":{"line":71,"column":20},"end":{"line":72,"column":21}},"locations":[{"start":{"line":71,"column":20},"end":{"line":72,"column":21}}]},"7":{"type":"branch","line":72,"loc":{"start":{"line":72,"column":21},"end":{"line":74,"column":1}},"locations":[{"start":{"line":72,"column":21},"end":{"line":74,"column":1}}]},"8":{"type":"branch","line":76,"loc":{"start":{"line":76,"column":0},"end":{"line":79,"column":1}},"locations":[{"start":{"line":76,"column":0},"end":{"line":79,"column":1}}]},"9":{"type":"branch","line":77,"loc":{"start":{"line":77,"column":18},"end":{"line":77,"column":27}},"locations":[{"start":{"line":77,"column":18},"end":{"line":77,"column":27}}]},"10":{"type":"branch","line":81,"loc":{"start":{"line":81,"column":0},"end":{"line":117,"column":1}},"locations":[{"start":{"line":81,"column":0},"end":{"line":117,"column":1}}]},"11":{"type":"branch","line":86,"loc":{"start":{"line":86,"column":5},"end":{"line":87,"column":32}},"locations":[{"start":{"line":86,"column":5},"end":{"line":87,"column":32}}]},"12":{"type":"branch","line":87,"loc":{"start":{"line":87,"column":33},"end":{"line":87,"column":38}},"locations":[{"start":{"line":87,"column":33},"end":{"line":87,"column":38}}]},"13":{"type":"branch","line":88,"loc":{"start":{"line":88,"column":30},"end":{"line":110,"column":33}},"locations":[{"start":{"line":88,"column":30},"end":{"line":110,"column":33}}]},"14":{"type":"branch","line":89,"loc":{"start":{"line":89,"column":32},"end":{"line":89,"column":54}},"locations":[{"start":{"line":89,"column":32},"end":{"line":89,"column":54}}]},"15":{"type":"branch","line":89,"loc":{"start":{"line":89,"column":56},"end":{"line":91,"column":7}},"locations":[{"start":{"line":89,"column":56},"end":{"line":91,"column":7}}]},"16":{"type":"branch","line":91,"loc":{"start":{"line":91,"column":7},"end":{"line":107,"column":7}},"locations":[{"start":{"line":91,"column":7},"end":{"line":107,"column":7}}]},"17":{"type":"branch","line":91,"loc":{"start":{"line":91,"column":39},"end":{"line":91,"column":61}},"locations":[{"start":{"line":91,"column":39},"end":{"line":91,"column":61}}]},"18":{"type":"branch","line":91,"loc":{"start":{"line":91,"column":63},"end":{"line":107,"column":7}},"locations":[{"start":{"line":91,"column":63},"end":{"line":107,"column":7}}]},"19":{"type":"branch","line":93,"loc":{"start":{"line":93,"column":74},"end":{"line":95,"column":19}},"locations":[{"start":{"line":93,"column":74},"end":{"line":95,"column":19}}]},"20":{"type":"branch","line":95,"loc":{"start":{"line":95,"column":19},"end":{"line":101,"column":11}},"locations":[{"start":{"line":95,"column":19},"end":{"line":101,"column":11}}]},"21":{"type":"branch","line":98,"loc":{"start":{"line":98,"column":14},"end":{"line":98,"column":29}},"locations":[{"start":{"line":98,"column":14},"end":{"line":98,"column":29}}]},"22":{"type":"branch","line":102,"loc":{"start":{"line":102,"column":10},"end":{"line":104,"column":9}},"locations":[{"start":{"line":102,"column":10},"end":{"line":104,"column":9}}]},"23":{"type":"branch","line":110,"loc":{"start":{"line":110,"column":34},"end":{"line":110,"column":38}},"locations":[{"start":{"line":110,"column":34},"end":{"line":110,"column":38}}]},"24":{"type":"branch","line":111,"loc":{"start":{"line":111,"column":4},"end":{"line":114,"column":3}},"locations":[{"start":{"line":111,"column":4},"end":{"line":114,"column":3}}]},"25":{"type":"branch","line":119,"loc":{"start":{"line":119,"column":6},"end":{"line":119,"column":28}},"locations":[{"start":{"line":119,"column":6},"end":{"line":119,"column":28}}]},"26":{"type":"branch","line":119,"loc":{"start":{"line":119,"column":30},"end":{"line":124,"column":2}},"locations":[{"start":{"line":119,"column":30},"end":{"line":124,"column":2}}]},"27":{"type":"branch","line":126,"loc":{"start":{"line":126,"column":0},"end":{"line":129,"column":1}},"locations":[{"start":{"line":126,"column":0},"end":{"line":129,"column":1}}]},"28":{"type":"branch","line":4,"loc":{"start":{"line":4,"column":23},"end":{"line":4,"column":59}},"locations":[{"start":{"line":4,"column":23},"end":{"line":4,"column":59}}]},"29":{"type":"branch","line":11,"loc":{"start":{"line":11,"column":22},"end":{"line":11,"column":44}},"locations":[{"start":{"line":11,"column":22},"end":{"line":11,"column":44}}]},"30":{"type":"branch","line":12,"loc":{"start":{"line":12,"column":42},"end":{"line":12,"column":79}},"locations":[{"start":{"line":12,"column":42},"end":{"line":12,"column":79}}]},"31":{"type":"branch","line":12,"loc":{"start":{"line":12,"column":42},"end":{"line":12,"column":79}},"locations":[{"start":{"line":12,"column":42},"end":{"line":12,"column":79}}]},"32":{"type":"branch","line":36,"loc":{"start":{"line":36,"column":28},"end":{"line":36,"column":33}},"locations":[{"start":{"line":36,"column":28},"end":{"line":36,"column":33}}]},"33":{"type":"branch","line":37,"loc":{"start":{"line":37,"column":25},"end":{"line":37,"column":34}},"locations":[{"start":{"line":37,"column":25},"end":{"line":37,"column":34}}]},"34":{"type":"branch","line":22,"loc":{"start":{"line":22,"column":49},"end":{"line":22,"column":67}},"locations":[{"start":{"line":22,"column":49},"end":{"line":22,"column":67}}]},"35":{"type":"branch","line":23,"loc":{"start":{"line":23,"column":55},"end":{"line":23,"column":63}},"locations":[{"start":{"line":23,"column":55},"end":{"line":23,"column":63}}]},"36":{"type":"branch","line":14,"loc":{"start":{"line":14,"column":70},"end":{"line":14,"column":92}},"locations":[{"start":{"line":14,"column":70},"end":{"line":14,"column":92}}]},"37":{"type":"branch","line":25,"loc":{"start":{"line":25,"column":66},"end":{"line":25,"column":83}},"locations":[{"start":{"line":25,"column":66},"end":{"line":25,"column":83}}]},"38":{"type":"branch","line":25,"loc":{"start":{"line":25,"column":96},"end":{"line":25,"column":105}},"locations":[{"start":{"line":25,"column":96},"end":{"line":25,"column":105}}]},"39":{"type":"branch","line":26,"loc":{"start":{"line":26,"column":28},"end":{"line":26,"column":41}},"locations":[{"start":{"line":26,"column":28},"end":{"line":26,"column":41}}]},"40":{"type":"branch","line":36,"loc":{"start":{"line":36,"column":28},"end":{"line":36,"column":33}},"locations":[{"start":{"line":36,"column":28},"end":{"line":36,"column":33}}]}},"b":{"0":[11],"1":[0],"2":[2],"3":[9],"4":[5],"5":[4],"6":[2],"7":[1],"8":[4],"9":[0],"10":[11],"11":[10],"12":[0],"13":[10],"14":[7],"15":[4],"16":[6],"17":[3],"18":[3],"19":[2],"20":[1],"21":[0],"22":[1],"23":[2],"24":[1],"25":[20],"26":[10],"27":[1],"28":[10],"29":[11],"30":[2],"31":[1],"32":[7],"33":[7],"34":[0],"35":[6],"36":[1],"37":[2],"38":[0],"39":[2],"40":[1]},"fnMap":{"0":{"name":"formatRelativeTime","decl":{"start":{"line":64,"column":0},"end":{"line":74,"column":1}},"loc":{"start":{"line":64,"column":0},"end":{"line":74,"column":1}},"line":64},"1":{"name":"buildVideoCoverUrl","decl":{"start":{"line":76,"column":0},"end":{"line":79,"column":1}},"loc":{"start":{"line":76,"column":0},"end":{"line":79,"column":1}},"line":76},"2":{"name":"load","decl":{"start":{"line":81,"column":0},"end":{"line":117,"column":1}},"loc":{"start":{"line":81,"column":0},"end":{"line":117,"column":1}},"line":81},"3":{"name":"__vite_ssr_import_0__.watch.page.value","decl":{"start":{"line":119,"column":6},"end":{"line":119,"column":28}},"loc":{"start":{"line":119,"column":6},"end":{"line":119,"column":28}},"line":119},"4":{"name":"handlePick","decl":{"start":{"line":126,"column":0},"end":{"line":129,"column":1}},"loc":{"start":{"line":126,"column":0},"end":{"line":129,"column":1}},"line":126},"5":{"name":"__vite_ssr_import_3__.createBlock.onUpdate:modelValue._cache.<computed>._cache.<computed>","decl":{"start":{"line":4,"column":23},"end":{"line":4,"column":59}},"loc":{"start":{"line":4,"column":23},"end":{"line":4,"column":59}},"line":4},"6":{"name":"onClick","decl":{"start":{"line":14,"column":70},"end":{"line":14,"column":92}},"loc":{"start":{"line":14,"column":70},"end":{"line":14,"column":92}},"line":14},"7":{"name":"__vite_ssr_import_3__.createBlock.onUpdate:currentPage._cache.<computed>._cache.<computed>","decl":{"start":{"line":36,"column":28},"end":{"line":36,"column":33}},"loc":{"start":{"line":36,"column":28},"end":{"line":36,"column":33}},"line":36},"8":{"name":"__vite_ssr_import_3__.createBlock.onUpdate:pageSize._cache.<computed>._cache.<computed>","decl":{"start":{"line":37,"column":25},"end":{"line":37,"column":34}},"loc":{"start":{"line":37,"column":25},"end":{"line":37,"column":34}},"line":37}},"f":{"0":11,"1":4,"2":11,"3":20,"4":1,"5":0,"6":1,"7":1,"8":0}}
,"/home/dev/social-auto-upload-web-ui/.worktrees/feature-20260820-phase3/frontend/src/components/PublishStats.vue": {"path":"/home/dev/social-auto-upload-web-ui/.worktrees/feature-20260820-phase3/frontend/src/components/PublishStats.vue","all":false,"statementMap":{"0":{"start":{"line":1,"column":0},"end":{"line":1,"column":10}},"1":{"start":{"line":2,"column":0},"end":{"line":2,"column":73}},"2":{"start":{"line":3,"column":0},"end":{"line":3,"column":8}},"3":{"start":{"line":4,"column":0},"end":{"line":4,"column":29}},"4":{"start":{"line":5,"column":0},"end":{"line":5,"column":21}},"5":{"start":{"line":6,"column":0},"end":{"line":6,"column":23}},"6":{"start":{"line":7,"column":0},"end":{"line":7,"column":15}},"14":{"start":{"line":15,"column":0},"end":{"line":15,"column":17}},"15":{"start":{"line":16,"column":0},"end":{"line":16,"column":30}},"16":{"start":{"line":17,"column":0},"end":{"line":17,"column":23}},"17":{"start":{"line":18,"column":0},"end":{"line":18,"column":25}},"19":{"start":{"line":20,"column":0},"end":{"line":20,"column":73}},"20":{"start":{"line":21,"column":0},"end":{"line":21,"column":63}},"21":{"start":{"line":22,"column":0},"end":{"line":22,"column":41}},"22":{"start":{"line":23,"column":0},"end":{"line":23,"column":20}},"23":{"start":{"line":24,"column":0},"end":{"line":24,"column":58}},"24":{"start":{"line":25,"column":0},"end":{"line":25,"column":71}},"25":{"start":{"line":26,"column":0},"end":{"line":26,"column":14}},"26":{"start":{"line":27,"column":0},"end":{"line":27,"column":19}},"27":{"start":{"line":28,"column":0},"end":{"line":28,"column":10}},"28":{"start":{"line":29,"column":0},"end":{"line":29,"column":8}},"32":{"start":{"line":33,"column":0},"end":{"line":33,"column":84}},"34":{"start":{"line":35,"column":0},"end":{"line":35,"column":27}},"42":{"start":{"line":43,"column":0},"end":{"line":43,"column":17}},"43":{"start":{"line":44,"column":0},"end":{"line":44,"column":84}},"44":{"start":{"line":45,"column":0},"end":{"line":45,"column":79}},"45":{"start":{"line":46,"column":0},"end":{"line":46,"column":93}},"46":{"start":{"line":47,"column":0},"end":{"line":47,"column":95}},"47":{"start":{"line":48,"column":0},"end":{"line":48,"column":1}},"49":{"start":{"line":50,"column":0},"end":{"line":50,"column":25}},"50":{"start":{"line":51,"column":0},"end":{"line":51,"column":28}},"51":{"start":{"line":52,"column":0},"end":{"line":52,"column":30}},"52":{"start":{"line":53,"column":0},"end":{"line":53,"column":55}},"53":{"start":{"line":54,"column":0},"end":{"line":54,"column":36}},"54":{"start":{"line":55,"column":0},"end":{"line":55,"column":3}},"55":{"start":{"line":56,"column":0},"end":{"line":56,"column":10}},"56":{"start":{"line":57,"column":0},"end":{"line":57,"column":1}},"58":{"start":{"line":59,"column":0},"end":{"line":59,"column":27}},"59":{"start":{"line":60,"column":0},"end":{"line":60,"column":18}},"60":{"start":{"line":61,"column":0},"end":{"line":61,"column":1}}},"s":{"0":1,"1":1,"2":1,"3":1,"4":1,"5":1,"6":1,"14":1,"15":1,"16":1,"17":1,"19":1,"20":1,"21":1,"22":1,"23":1,"24":1,"25":1,"26":1,"27":1,"28":1,"32":1,"34":1,"42":1,"43":1,"44":1,"45":1,"46":1,"47":1,"49":28,"50":28,"51":28,"52":18,"53":16,"54":16,"55":2,"56":2,"58":28,"59":28,"60":28},"branchMap":{"0":{"type":"branch","line":50,"loc":{"start":{"line":50,"column":0},"end":{"line":57,"column":1}},"locations":[{"start":{"line":50,"column":0},"end":{"line":57,"column":1}}]},"1":{"type":"branch","line":51,"loc":{"start":{"line":51,"column":17},"end":{"line":51,"column":28}},"locations":[{"start":{"line":51,"column":17},"end":{"line":51,"column":28}}]},"2":{"type":"branch","line":51,"loc":{"start":{"line":51,"column":27},"end":{"line":52,"column":29}},"locations":[{"start":{"line":51,"column":27},"end":{"line":52,"column":29}}]},"3":{"type":"branch","line":52,"loc":{"start":{"line":52,"column":29},"end":{"line":55,"column":3}},"locations":[{"start":{"line":52,"column":29},"end":{"line":55,"column":3}}]},"4":{"type":"branch","line":53,"loc":{"start":{"line":53,"column":20},"end":{"line":53,"column":55}},"locations":[{"start":{"line":53,"column":20},"end":{"line":53,"column":55}}]},"5":{"type":"branch","line":53,"loc":{"start":{"line":53,"column":54},"end":{"line":55,"column":3}},"locations":[{"start":{"line":53,"column":54},"end":{"line":55,"column":3}}]},"6":{"type":"branch","line":55,"loc":{"start":{"line":55,"column":2},"end":{"line":57,"column":1}},"locations":[{"start":{"line":55,"column":2},"end":{"line":57,"column":1}}]},"7":{"type":"branch","line":59,"loc":{"start":{"line":59,"column":0},"end":{"line":61,"column":1}},"locations":[{"start":{"line":59,"column":0},"end":{"line":61,"column":1}}]},"8":{"type":"branch","line":21,"loc":{"start":{"line":21,"column":51},"end":{"line":21,"column":63}},"locations":[{"start":{"line":21,"column":51},"end":{"line":21,"column":63}}]},"9":{"type":"branch","line":21,"loc":{"start":{"line":21,"column":51},"end":{"line":21,"column":63}},"locations":[{"start":{"line":21,"column":51},"end":{"line":21,"column":63}}]}},"b":{"0":[28],"1":[8],"2":[20],"3":[18],"4":[2],"5":[16],"6":[2],"7":[28],"8":[4],"9":[24]},"fnMap":{"0":{"name":"formatValue","decl":{"start":{"line":50,"column":0},"end":{"line":57,"column":1}},"loc":{"start":{"line":50,"column":0},"end":{"line":57,"column":1}},"line":50},"1":{"name":"isPlaceholder","decl":{"start":{"line":59,"column":0},"end":{"line":61,"column":1}},"loc":{"start":{"line":59,"column":0},"end":{"line":61,"column":1}},"line":59}},"f":{"0":28,"1":28}}
,"/home/dev/social-auto-upload-web-ui/.worktrees/feature-20260820-phase3/frontend/src/composables/useAutoSave.js": {"path":"/home/dev/social-auto-upload-web-ui/.worktrees/feature-20260820-phase3/frontend/src/composables/useAutoSave.js","all":false,"statementMap":{"0":{"start":{"line":1,"column":0},"end":{"line":1,"column":73}},"3":{"start":{"line":4,"column":0},"end":{"line":4,"column":37}},"4":{"start":{"line":5,"column":0},"end":{"line":5,"column":32}},"5":{"start":{"line":6,"column":0},"end":{"line":6,"column":33}},"6":{"start":{"line":7,"column":0},"end":{"line":7,"column":31}},"8":{"start":{"line":9,"column":0},"end":{"line":9,"column":33}},"9":{"start":{"line":10,"column":0},"end":{"line":10,"column":23}},"10":{"start":{"line":11,"column":0},"end":{"line":11,"column":39}},"11":{"start":{"line":12,"column":0},"end":{"line":12,"column":45}},"12":{"start":{"line":13,"column":0},"end":{"line":13,"column":29}},"13":{"start":{"line":14,"column":0},"end":{"line":14,"column":16}},"14":{"start":{"line":15,"column":0},"end":{"line":15,"column":32}},"15":{"start":{"line":16,"column":0},"end":{"line":16,"column":7}},"16":{"start":{"line":17,"column":0},"end":{"line":17,"column":40}},"17":{"start":{"line":18,"column":0},"end":{"line":18,"column":3}},"19":{"start":{"line":20,"column":0},"end":{"line":20,"column":32}},"20":{"start":{"line":21,"column":0},"end":{"line":21,"column":30}},"21":{"start":{"line":22,"column":0},"end":{"line":22,"column":40}},"22":{"start":{"line":23,"column":0},"end":{"line":23,"column":32}},"23":{"start":{"line":24,"column":0},"end":{"line":24,"column":5}},"24":{"start":{"line":25,"column":0},"end":{"line":25,"column":3}},"26":{"start":{"line":27,"column":0},"end":{"line":27,"column":48}},"27":{"start":{"line":28,"column":0},"end":{"line":28,"column":33}},"28":{"start":{"line":29,"column":0},"end":{"line":29,"column":28}},"29":{"start":{"line":30,"column":0},"end":{"line":30,"column":4}},"31":{"start":{"line":32,"column":0},"end":{"line":32,"column":48}},"32":{"start":{"line":33,"column":0},"end":{"line":33,"column":52}},"33":{"start":{"line":34,"column":0},"end":{"line":34,"column":4}},"35":{"start":{"line":36,"column":0},"end":{"line":36,"column":25}},"36":{"start":{"line":37,"column":0},"end":{"line":37,"column":23}},"37":{"start":{"line":38,"column":0},"end":{"line":38,"column":4}},"39":{"start":{"line":40,"column":0},"end":{"line":40,"column":10}},"40":{"start":{"line":41,"column":0},"end":{"line":41,"column":15}},"41":{"start":{"line":42,"column":0},"end":{"line":42,"column":23}},"42":{"start":{"line":43,"column":0},"end":{"line":43,"column":22}},"43":{"start":{"line":44,"column":0},"end":{"line":44,"column":3}},"44":{"start":{"line":45,"column":0},"end":{"line":45,"column":1}}},"s":{"0":1,"3":1,"4":8,"5":8,"6":8,"8":8,"9":10,"10":10,"11":9,"12":8,"13":6,"14":6,"15":6,"16":9,"17":10,"19":8,"20":13,"21":4,"22":4,"23":4,"24":13,"26":8,"27":2,"28":1,"29":8,"31":8,"32":1,"33":8,"35":8,"36":1,"37":8,"39":8,"40":8,"41":8,"42":8,"43":8,"44":8},"branchMap":{"0":{"type":"branch","line":4,"loc":{"start":{"line":4,"column":7},"end":{"line":45,"column":1}},"locations":[{"start":{"line":4,"column":7},"end":{"line":45,"column":1}}]},"1":{"type":"branch","line":9,"loc":{"start":{"line":9,"column":2},"end":{"line":18,"column":3}},"locations":[{"start":{"line":9,"column":2},"end":{"line":18,"column":3}}]},"2":{"type":"branch","line":11,"loc":{"start":{"line":11,"column":33},"end":{"line":11,"column":39}},"locations":[{"start":{"line":11,"column":33},"end":{"line":11,"column":39}}]},"3":{"type":"branch","line":11,"loc":{"start":{"line":11,"column":33},"end":{"line":18,"column":2}},"locations":[{"start":{"line":11,"column":33},"end":{"line":18,"column":2}}]},"4":{"type":"branch","line":12,"loc":{"start":{"line":12,"column":38},"end":{"line":17,"column":5}},"locations":[{"start":{"line":12,"column":38},"end":{"line":17,"column":5}}]},"5":{"type":"branch","line":13,"loc":{"start":{"line":13,"column":28},"end":{"line":16,"column":7}},"locations":[{"start":{"line":13,"column":28},"end":{"line":16,"column":7}}]},"6":{"type":"branch","line":20,"loc":{"start":{"line":20,"column":2},"end":{"line":25,"column":3}},"locations":[{"start":{"line":20,"column":2},"end":{"line":25,"column":3}}]},"7":{"type":"branch","line":21,"loc":{"start":{"line":21,"column":29},"end":{"line":24,"column":5}},"locations":[{"start":{"line":21,"column":29},"end":{"line":24,"column":5}}]},"8":{"type":"branch","line":27,"loc":{"start":{"line":27,"column":8},"end":{"line":27,"column":36}},"locations":[{"start":{"line":27,"column":8},"end":{"line":27,"column":36}}]},"9":{"type":"branch","line":27,"loc":{"start":{"line":27,"column":38},"end":{"line":30,"column":3}},"locations":[{"start":{"line":27,"column":38},"end":{"line":30,"column":3}}]},"10":{"type":"branch","line":28,"loc":{"start":{"line":28,"column":13},"end":{"line":29,"column":28}},"locations":[{"start":{"line":28,"column":13},"end":{"line":29,"column":28}}]},"11":{"type":"branch","line":32,"loc":{"start":{"line":32,"column":8},"end":{"line":32,"column":39}},"locations":[{"start":{"line":32,"column":8},"end":{"line":32,"column":39}}]},"12":{"type":"branch","line":32,"loc":{"start":{"line":32,"column":41},"end":{"line":34,"column":3}},"locations":[{"start":{"line":32,"column":41},"end":{"line":34,"column":3}}]},"13":{"type":"branch","line":36,"loc":{"start":{"line":36,"column":18},"end":{"line":38,"column":3}},"locations":[{"start":{"line":36,"column":18},"end":{"line":38,"column":3}}]}},"b":{"0":[8],"1":[10],"2":[1],"3":[9],"4":[8],"5":[6],"6":[13],"7":[4],"8":[10],"9":[2],"10":[1],"11":[9],"12":[1],"13":[1]},"fnMap":{"0":{"name":"useAutoSave","decl":{"start":{"line":4,"column":7},"end":{"line":45,"column":1}},"loc":{"start":{"line":4,"column":7},"end":{"line":45,"column":1}},"line":4},"1":{"name":"startAutoSaveTimer","decl":{"start":{"line":9,"column":2},"end":{"line":18,"column":3}},"loc":{"start":{"line":9,"column":2},"end":{"line":18,"column":3}},"line":9},"2":{"name":"stopAutoSaveTimer","decl":{"start":{"line":20,"column":2},"end":{"line":25,"column":3}},"loc":{"start":{"line":20,"column":2},"end":{"line":25,"column":3}},"line":20}},"f":{"0":8,"1":10,"2":13}}
,"/home/dev/social-auto-upload-web-ui/.worktrees/feature-20260820-phase3/frontend/src/composables/useBatchSetApply.js": {"path":"/home/dev/social-auto-upload-web-ui/.worktrees/feature-20260820-phase3/frontend/src/composables/useBatchSetApply.js","all":false,"statementMap":{"0":{"start":{"line":1,"column":0},"end":{"line":1,"column":59}},"2":{"start":{"line":3,"column":0},"end":{"line":3,"column":3}},"3":{"start":{"line":4,"column":0},"end":{"line":4,"column":22}},"4":{"start":{"line":5,"column":0},"end":{"line":5,"column":81}},"5":{"start":{"line":6,"column":0},"end":{"line":6,"column":46}},"6":{"start":{"line":7,"column":0},"end":{"line":7,"column":66}},"7":{"start":{"line":8,"column":0},"end":{"line":8,"column":2}},"8":{"start":{"line":9,"column":0},"end":{"line":9,"column":77}},"9":{"start":{"line":10,"column":0},"end":{"line":10,"column":60}},"10":{"start":{"line":11,"column":0},"end":{"line":11,"column":2}},"11":{"start":{"line":12,"column":0},"end":{"line":12,"column":92}},"12":{"start":{"line":13,"column":0},"end":{"line":13,"column":159}},"13":{"start":{"line":14,"column":0},"end":{"line":14,"column":3}},"14":{"start":{"line":15,"column":0},"end":{"line":15,"column":103}},"15":{"start":{"line":16,"column":0},"end":{"line":16,"column":56}},"16":{"start":{"line":17,"column":0},"end":{"line":17,"column":62}},"17":{"start":{"line":18,"column":0},"end":{"line":18,"column":39}},"18":{"start":{"line":19,"column":0},"end":{"line":19,"column":57}},"19":{"start":{"line":20,"column":0},"end":{"line":20,"column":48}},"21":{"start":{"line":22,"column":0},"end":{"line":22,"column":41}},"22":{"start":{"line":23,"column":0},"end":{"line":23,"column":40}},"23":{"start":{"line":24,"column":0},"end":{"line":24,"column":56}},"24":{"start":{"line":25,"column":0},"end":{"line":25,"column":74}},"25":{"start":{"line":26,"column":0},"end":{"line":26,"column":39}},"26":{"start":{"line":27,"column":0},"end":{"line":27,"column":52}},"28":{"start":{"line":29,"column":0},"end":{"line":29,"column":43}},"29":{"start":{"line":30,"column":0},"end":{"line":30,"column":19}},"30":{"start":{"line":31,"column":0},"end":{"line":31,"column":56}},"31":{"start":{"line":32,"column":0},"end":{"line":32,"column":67}},"32":{"start":{"line":33,"column":0},"end":{"line":33,"column":85}},"33":{"start":{"line":34,"column":0},"end":{"line":34,"column":68}},"34":{"start":{"line":35,"column":0},"end":{"line":35,"column":93}},"36":{"start":{"line":37,"column":0},"end":{"line":37,"column":49}},"37":{"start":{"line":38,"column":0},"end":{"line":38,"column":70}},"38":{"start":{"line":39,"column":0},"end":{"line":39,"column":38}},"39":{"start":{"line":40,"column":0},"end":{"line":40,"column":46}},"40":{"start":{"line":41,"column":0},"end":{"line":41,"column":32}},"41":{"start":{"line":42,"column":0},"end":{"line":42,"column":98}},"42":{"start":{"line":43,"column":0},"end":{"line":43,"column":35}},"43":{"start":{"line":44,"column":0},"end":{"line":44,"column":68}},"44":{"start":{"line":45,"column":0},"end":{"line":45,"column":74}},"45":{"start":{"line":46,"column":0},"end":{"line":46,"column":92}},"46":{"start":{"line":47,"column":0},"end":{"line":47,"column":75}},"47":{"start":{"line":48,"column":0},"end":{"line":48,"column":100}},"48":{"start":{"line":49,"column":0},"end":{"line":49,"column":7}},"49":{"start":{"line":50,"column":0},"end":{"line":50,"column":5}},"50":{"start":{"line":51,"column":0},"end":{"line":51,"column":3}},"52":{"start":{"line":53,"column":0},"end":{"line":53,"column":26}},"53":{"start":{"line":54,"column":0},"end":{"line":54,"column":1}}},"s":{"0":1,"2":1,"3":1,"4":1,"5":1,"6":1,"7":1,"8":1,"9":1,"10":1,"11":1,"12":1,"13":1,"14":1,"15":12,"16":12,"17":12,"18":12,"19":12,"21":12,"22":12,"23":12,"24":12,"25":12,"26":12,"28":12,"29":13,"30":13,"31":13,"32":13,"33":13,"34":13,"36":13,"37":13,"38":13,"39":13,"40":13,"41":13,"42":13,"43":21,"44":21,"45":21,"46":21,"47":21,"48":21,"49":12,"50":12,"52":12,"53":12},"branchMap":{"0":{"type":"branch","line":15,"loc":{"start":{"line":15,"column":7},"end":{"line":54,"column":1}},"locations":[{"start":{"line":15,"column":7},"end":{"line":54,"column":1}}]},"1":{"type":"branch","line":16,"loc":{"start":{"line":16,"column":2},"end":{"line":51,"column":3}},"locations":[{"start":{"line":16,"column":2},"end":{"line":51,"column":3}}]},"2":{"type":"branch","line":18,"loc":{"start":{"line":18,"column":30},"end":{"line":18,"column":39}},"locations":[{"start":{"line":18,"column":30},"end":{"line":18,"column":39}}]},"3":{"type":"branch","line":19,"loc":{"start":{"line":19,"column":41},"end":{"line":19,"column":52}},"locations":[{"start":{"line":19,"column":41},"end":{"line":19,"column":52}}]},"4":{"type":"branch","line":19,"loc":{"start":{"line":19,"column":53},"end":{"line":19,"column":57}},"locations":[{"start":{"line":19,"column":53},"end":{"line":19,"column":57}}]},"5":{"type":"branch","line":20,"loc":{"start":{"line":20,"column":43},"end":{"line":20,"column":48}},"locations":[{"start":{"line":20,"column":43},"end":{"line":20,"column":48}}]},"6":{"type":"branch","line":24,"loc":{"start":{"line":24,"column":41},"end":{"line":24,"column":56}},"locations":[{"start":{"line":24,"column":41},"end":{"line":24,"column":56}}]},"7":{"type":"branch","line":25,"loc":{"start":{"line":25,"column":53},"end":{"line":25,"column":74}},"locations":[{"start":{"line":25,"column":53},"end":{"line":25,"column":74}}]},"8":{"type":"branch","line":29,"loc":{"start":{"line":29,"column":42},"end":{"line":50,"column":5}},"locations":[{"start":{"line":29,"column":42},"end":{"line":50,"column":5}}]},"9":{"type":"branch","line":31,"loc":{"start":{"line":31,"column":32},"end":{"line":31,"column":56}},"locations":[{"start":{"line":31,"column":32},"end":{"line":31,"column":56}}]},"10":{"type":"branch","line":32,"loc":{"start":{"line":32,"column":21},"end":{"line":32,"column":32}},"locations":[{"start":{"line":32,"column":21},"end":{"line":32,"column":32}}]},"11":{"type":"branch","line":32,"loc":{"start":{"line":32,"column":34},"end":{"line":32,"column":67}},"locations":[{"start":{"line":32,"column":34},"end":{"line":32,"column":67}}]},"12":{"type":"branch","line":33,"loc":{"start":{"line":33,"column":21},"end":{"line":33,"column":38}},"locations":[{"start":{"line":33,"column":21},"end":{"line":33,"column":38}}]},"13":{"type":"branch","line":33,"loc":{"start":{"line":33,"column":40},"end":{"line":33,"column":85}},"locations":[{"start":{"line":33,"column":40},"end":{"line":33,"column":85}}]},"14":{"type":"branch","line":34,"loc":{"start":{"line":34,"column":21},"end":{"line":34,"column":31}},"locations":[{"start":{"line":34,"column":21},"end":{"line":34,"column":31}}]},"15":{"type":"branch","line":34,"loc":{"start":{"line":34,"column":33},"end":{"line":34,"column":68}},"locations":[{"start":{"line":34,"column":33},"end":{"line":34,"column":68}}]},"16":{"type":"branch","line":35,"loc":{"start":{"line":35,"column":21},"end":{"line":35,"column":39}},"locations":[{"start":{"line":35,"column":21},"end":{"line":35,"column":39}}]},"17":{"type":"branch","line":35,"loc":{"start":{"line":35,"column":41},"end":{"line":35,"column":93}},"locations":[{"start":{"line":35,"column":41},"end":{"line":35,"column":93}}]},"18":{"type":"branch","line":41,"loc":{"start":{"line":41,"column":24},"end":{"line":41,"column":32}},"locations":[{"start":{"line":41,"column":24},"end":{"line":41,"column":32}}]},"19":{"type":"branch","line":41,"loc":{"start":{"line":41,"column":24},"end":{"line":42,"column":46}},"locations":[{"start":{"line":41,"column":24},"end":{"line":42,"column":46}}]},"20":{"type":"branch","line":42,"loc":{"start":{"line":42,"column":47},"end":{"line":42,"column":52}},"locations":[{"start":{"line":42,"column":47},"end":{"line":42,"column":52}}]},"21":{"type":"branch","line":43,"loc":{"start":{"line":43,"column":34},"end":{"line":49,"column":7}},"locations":[{"start":{"line":43,"column":34},"end":{"line":49,"column":7}}]},"22":{"type":"branch","line":44,"loc":{"start":{"line":44,"column":39},"end":{"line":44,"column":68}},"locations":[{"start":{"line":44,"column":39},"end":{"line":44,"column":68}}]},"23":{"type":"branch","line":45,"loc":{"start":{"line":45,"column":23},"end":{"line":45,"column":34}},"locations":[{"start":{"line":45,"column":23},"end":{"line":45,"column":34}}]},"24":{"type":"branch","line":45,"loc":{"start":{"line":45,"column":36},"end":{"line":45,"column":74}},"locations":[{"start":{"line":45,"column":36},"end":{"line":45,"column":74}}]},"25":{"type":"branch","line":46,"loc":{"start":{"line":46,"column":23},"end":{"line":46,"column":40}},"locations":[{"start":{"line":46,"column":23},"end":{"line":46,"column":40}}]},"26":{"type":"branch","line":46,"loc":{"start":{"line":46,"column":42},"end":{"line":46,"column":92}},"locations":[{"start":{"line":46,"column":42},"end":{"line":46,"column":92}}]},"27":{"type":"branch","line":47,"loc":{"start":{"line":47,"column":23},"end":{"line":47,"column":33}},"locations":[{"start":{"line":47,"column":23},"end":{"line":47,"column":33}}]},"28":{"type":"branch","line":47,"loc":{"start":{"line":47,"column":35},"end":{"line":47,"column":75}},"locations":[{"start":{"line":47,"column":35},"end":{"line":47,"column":75}}]},"29":{"type":"branch","line":48,"loc":{"start":{"line":48,"column":23},"end":{"line":48,"column":41}},"locations":[{"start":{"line":48,"column":23},"end":{"line":48,"column":41}}]},"30":{"type":"branch","line":48,"loc":{"start":{"line":48,"column":43},"end":{"line":48,"column":100}},"locations":[{"start":{"line":48,"column":43},"end":{"line":48,"column":100}}]},"31":{"type":"branch","line":49,"loc":{"start":{"line":49,"column":6},"end":{"line":50,"column":5}},"locations":[{"start":{"line":49,"column":6},"end":{"line":50,"column":5}}]},"32":{"type":"branch","line":42,"loc":{"start":{"line":42,"column":61},"end":{"line":42,"column":97}},"locations":[{"start":{"line":42,"column":61},"end":{"line":42,"column":97}}]}},"b":{"0":[12],"1":[12],"2":[8],"3":[9],"4":[3],"5":[7],"6":[11],"7":[10],"8":[13],"9":[9],"10":[4],"11":[11],"12":[4],"13":[10],"14":[4],"15":[9],"16":[4],"17":[9],"18":[1],"19":[12],"20":[0],"21":[21],"22":[18],"23":[8],"24":[17],"25":[8],"26":[15],"27":[8],"28":[13],"29":[8],"30":[13],"31":[12],"32":[33]},"fnMap":{"0":{"name":"useBatchSetApply","decl":{"start":{"line":15,"column":7},"end":{"line":54,"column":1}},"loc":{"start":{"line":15,"column":7},"end":{"line":54,"column":1}},"line":15},"1":{"name":"applyBatchSet","decl":{"start":{"line":16,"column":2},"end":{"line":51,"column":3}},"loc":{"start":{"line":16,"column":2},"end":{"line":51,"column":3}},"line":16}},"f":{"0":12,"1":12}}
,"/home/dev/social-auto-upload-web-ui/.worktrees/feature-20260820-phase3/frontend/src/composables/useChannelForm.js": {"path":"/home/dev/social-auto-upload-web-ui/.worktrees/feature-20260820-phase3/frontend/src/composables/useChannelForm.js","all":false,"statementMap":{"0":{"start":{"line":1,"column":0},"end":{"line":1,"column":66}},"2":{"start":{"line":3,"column":0},"end":{"line":3,"column":3}},"3":{"start":{"line":4,"column":0},"end":{"line":4,"column":23}},"4":{"start":{"line":5,"column":0},"end":{"line":5,"column":38}},"5":{"start":{"line":6,"column":0},"end":{"line":6,"column":2}},"6":{"start":{"line":7,"column":0},"end":{"line":7,"column":57}},"7":{"start":{"line":8,"column":0},"end":{"line":8,"column":70}},"8":{"start":{"line":9,"column":0},"end":{"line":9,"column":45}},"9":{"start":{"line":10,"column":0},"end":{"line":10,"column":100}},"10":{"start":{"line":11,"column":0},"end":{"line":11,"column":71}},"11":{"start":{"line":12,"column":0},"end":{"line":12,"column":3}},"12":{"start":{"line":13,"column":0},"end":{"line":13,"column":91}},"13":{"start":{"line":14,"column":0},"end":{"line":14,"column":21}},"14":{"start":{"line":15,"column":0},"end":{"line":15,"column":50}},"15":{"start":{"line":16,"column":0},"end":{"line":16,"column":39}},"16":{"start":{"line":17,"column":0},"end":{"line":17,"column":46}},"18":{"start":{"line":19,"column":0},"end":{"line":19,"column":21}},"20":{"start":{"line":21,"column":0},"end":{"line":21,"column":21}},"21":{"start":{"line":22,"column":0},"end":{"line":22,"column":25}},"22":{"start":{"line":23,"column":0},"end":{"line":23,"column":64}},"23":{"start":{"line":24,"column":0},"end":{"line":24,"column":45}},"24":{"start":{"line":25,"column":0},"end":{"line":25,"column":15}},"25":{"start":{"line":26,"column":0},"end":{"line":26,"column":3}},"27":{"start":{"line":28,"column":0},"end":{"line":28,"column":44}},"28":{"start":{"line":29,"column":0},"end":{"line":29,"column":62}},"29":{"start":{"line":30,"column":0},"end":{"line":30,"column":3}},"31":{"start":{"line":32,"column":0},"end":{"line":32,"column":39}},"32":{"start":{"line":33,"column":0},"end":{"line":33,"column":54}},"33":{"start":{"line":34,"column":0},"end":{"line":34,"column":21}},"34":{"start":{"line":35,"column":0},"end":{"line":35,"column":68}},"35":{"start":{"line":36,"column
[...]
15,"column":49}},"215":{"start":{"line":216,"column":0},"end":{"line":216,"column":45}},"216":{"start":{"line":217,"column":0},"end":{"line":217,"column":19}},"217":{"start":{"line":218,"column":0},"end":{"line":218,"column":7}},"219":{"start":{"line":220,"column":0},"end":{"line":220,"column":61}},"220":{"start":{"line":221,"column":0},"end":{"line":221,"column":60}},"221":{"start":{"line":222,"column":0},"end":{"line":222,"column":16}},"222":{"start":{"line":223,"column":0},"end":{"line":223,"column":21}},"223":{"start":{"line":224,"column":0},"end":{"line":224,"column":29}},"224":{"start":{"line":225,"column":0},"end":{"line":225,"column":17}},"225":{"start":{"line":226,"column":0},"end":{"line":226,"column":15}},"226":{"start":{"line":227,"column":0},"end":{"line":227,"column":30}},"227":{"start":{"line":228,"column":0},"end":{"line":228,"column":5}},"228":{"start":{"line":229,"column":0},"end":{"line":229,"column":3}},"230":{"start":{"line":231,"column":0},"end":{"line":231,"column":5}},"231":{"start":{"line":232,"column":0},"end":{"line":232,"column":11}},"232":{"start":{"line":233,"column":0},"end":{"line":233,"column":5}},"233":{"start":{"line":234,"column":0},"end":{"line":234,"column":20}},"234":{"start":{"line":235,"column":0},"end":{"line":235,"column":21}},"235":{"start":{"line":236,"column":0},"end":{"line":236,"column":31}},"236":{"start":{"line":237,"column":0},"end":{"line":237,"column":29}},"237":{"start":{"line":238,"column":0},"end":{"line":238,"column":31}},"238":{"start":{"line":239,"column":0},"end":{"line":239,"column":28}},"239":{"start":{"line":240,"column":0},"end":{"line":240,"column":25}},"240":{"start":{"line":241,"column":0},"end":{"line":241,"column":31}},"241":{"start":{"line":242,"column":0},"end":{"line":242,"column":3}},"243":{"start":{"line":244,"column":0},"end":{"line":244,"column":29}},"245":{"start":{"line":246,"column":0},"end":{"line":246,"column":10}},"246":{"start":{"line":247,"column":0},"end":{"line":247,"column":9}},"247":{"start":{"line":248,"column":0},"end":{"line":248,"column":11}},"248":{"start":{"line":249,"column":0},"end":{"line":249,"column":21}},"249":{"start":{"line":250,"column":0},"end":{"line":250,"column":19}},"250":{"start":{"line":251,"column":0},"end":{"line":251,"column":19}},"251":{"start":{"line":252,"column":0},"end":{"line":252,"column":15}},"252":{"start":{"line":253,"column":0},"end":{"line":253,"column":15}},"253":{"start":{"line":254,"column":0},"end":{"line":254,"column":21}},"254":{"start":{"line":255,"column":0},"end":{"line":255,"column":11}},"255":{"start":{"line":256,"column":0},"end":{"line":256,"column":15}},"256":{"start":{"line":257,"column":0},"end":{"line":257,"column":14}},"257":{"start":{"line":258,"column":0},"end":{"line":258,"column":15}},"258":{"start":{"line":259,"column":0},"end":{"line":259,"column":9}},"259":{"start":{"line":260,"column":0},"end":{"line":260,"column":11}},"260":{"start":{"line":261,"column":0},"end":{"line":261,"column":16}},"261":{"start":{"line":262,"column":0},"end":{"line":262,"column":12}},"262":{"start":{"line":263,"column":0},"end":{"line":263,"column":17}},"263":{"start":{"line":264,"column":0},"end":{"line":264,"column":24}},"264":{"start":{"line":265,"column":0},"end":{"line":265,"column":19}},"265":{"start":{"line":266,"column":0},"end":{"line":266,"column":9}},"266":{"start":{"line":267,"column":0},"end":{"line":267,"column":12}},"267":{"start":{"line":268,"column":0},"end":{"line":268,"column":9}},"268":{"start":{"line":269,"column":0},"end":{"line":269,"column":3}},"269":{"start":{"line":270,"column":0},"end":{"line":270,"column":2}}},"s":{"0":1,"5":1,"6":20,"8":20,"9":20,"11":20,"12":20,"14":20,"15":20,"17":20,"18":20,"20":20,"21":20,"23":20,"24":20,"25":20,"27":20,"29":20,"31":20,"33":20,"34":7,"35":20,"37":20,"39":20,"40":20,"41":20,"42":20,"43":20,"44":20,"45":3,"46":3,"47":3,"48":3,"49":3,"50":3,"51":3,"52":3,"54":3,"55":3,"56":1,"57":1,"58":1,"59":3,"60":2,"61":3,"62":3,"63":2,"64":2,"65":2,"66":2,"67":3,"68":1,"69":1,"70":1,"71":1,"72":1,"73":3,"75":20,"76":20,"77":20,"78":20,"79":20,"80":3,"81":1,"82":1,"83":3,"85":20,"86":20,"87":20,"88":20,"89":20,"90":20,"91":5,"92":5,"93":5,"94":3,"95":5,"96":3,"97":3,"98":2,"99":2,"100":5,"102":20,"103":20,"104":20,"105":20,"106":20,"107":20,"108":20,"109":3,"110":1,"111":1,"113":2,"114":2,"115":2,"116":2,"117":2,"118":2,"119":2,"121":2,"122":2,"123":0,"124":0,"125":0,"126":2,"127":3,"128":3,"129":1,"130":1,"131":1,"132":1,"133":1,"134":1,"135":1,"136":1,"137":1,"138":1,"139":3,"141":20,"142":20,"143":20,"144":20,"145":20,"146":20,"147":2,"148":2,"149":2,"150":2,"151":2,"152":2,"153":2,"154":2,"156":20,"157":20,"158":20,"159":20,"160":1,"161":1,"162":2,"163":2,"164":2,"165":2,"166":2,"167":2,"168":1,"169":1,"171":20,"172":20,"173":20,"174":20,"175":20,"176":2,"177":2,"178":2,"179":2,"180":2,"181":2,"182":2,"183":2,"185":2,"186":2,"187":2,"188":1,"189":1,"190":1,"191":1,"192":1,"193":1,"194":1,"195":1,"196":2,"198":20,"199":20,"200":20,"201":20,"202":20,"203":20,"204":4,"205":1,"206":1,"207":1,"209":3,"211":3,"212":3,"213":3,"214":3,"215":3,"216":3,"217":3,"219":3,"220":4,"221":4,"222":4,"223":1,"224":1,"225":4,"226":3,"227":3,"228":4,"230":20,"231":20,"232":20,"233":20,"234":1,"235":1,"236":1,"237":1,"238":1,"239":1,"240":1,"241":1,"243":20,"245":20,"246":20,"247":20,"248":20,"249":20,"250":20,"251":20,"252":20,"253":20,"254":20,"255":20,"256":20,"257":20,"258":20,"259":20,"260":20,"261":20,"262":20,"263":20,"264":20,"265":20,"266":20,"267":20,"268":20,"269":20},"branchMap":{"0":{"type":"branch","line":6,"loc":{"start":{"line":6,"column":64},"end":{"line":270,"column":2}},"locations":[{"start":{"line":6,"column":64},"end":{"line":270,"column":2}}]},"1":{"type":"branch","line":30,"loc":{"start":{"line":30,"column":30},"end":{"line":30,"column":55}},"locations":[{"start":{"line":30,"column":30},"end":{"line":30,"column":55}}]},"2":{"type":"branch","line":32,"loc":{"start":{"line":32,"column":29},"end":{"line":32,"column":59}},"locations":[{"start":{"line":32,"column":29},"end":{"line":32,"column":59}}]},"3":{"type":"branch","line":34,"loc":{"start":{"line":34,"column":30},"end":{"line":36,"column":3}},"locations":[{"start":{"line":34,"column":30},"end":{"line":36,"column":3}}]},"4":{"type":"branch","line":35,"loc":{"start":{"line":35,"column":35},"end":{"line":35,"column":71}},"locations":[{"start":{"line":35,"column":35},"end":{"line":35,"column":71}}]},"5":{"type":"branch","line":45,"loc":{"start":{"line":45,"column":2},"end":{"line":74,"column":3}},"locations":[{"start":{"line":45,"column":2},"end":{"line":74,"column":3}}]},"6":{"type":"branch","line":60,"loc":{"start":{"line":60,"column":7},"end":{"line":62,"column":27}},"locations":[{"start":{"line":60,"column":7},"end":{"line":62,"column":27}}]},"7":{"type":"branch","line":62,"loc":{"start":{"line":62,"column":27},"end":{"line":62,"column":32}},"locations":[{"start":{"line":62,"column":27},"end":{"line":62,"column":32}}]},"8":{"type":"branch","line":62,"loc":{"start":{"line":62,"column":33},"end":{"line":62,"column":44}},"locations":[{"start":{"line":62,"column":33},"end":{"line":62,"column":44}}]},"9":{"type":"branch","line":62,"loc":{"start":{"line":62,"column":45},"end":{"line":62,"column":50}},"locations":[{"start":{"line":62,"column":45},"end":{"line":62,"column":50}}]},"10":{"type":"branch","line":63,"loc":{"start":{"line":63,"column":31},"end":{"line":68,"column":6}},"locations":[{"start":{"line":63,"column":31},"end":{"line":68,"column":6}}]},"11":{"type":"branch","line":68,"loc":{"start":{"line":68,"column":6},"end":{"line":73,"column":5}},"locations":[{"start":{"line":68,"column":6},"end":{"line":73,"column":5}}]},"12":{"type":"branch","line":56,"loc":{"start":{"line":56,"column":58},"end":{"line":60,"column":7}},"locations":[{"start":{"line":56,"column":58},"end":{"line":60,"column":7}}]},"13":{"type":"branch","line":80,"loc":{"start":{"line":80,"column":2},"end":{"line":84,"column":3}},"locations":[{"start":{"line":80,"column":2},"end":{"line":84,"column":3}}]},"14":{"type":"branch","line":81,"loc":{"start":{"line":81,"column":19},"end":{"line":81,"column":49}},"locations":[{"start":{"line":81,"column":19},"end":{"line":81,"column":49}}]},"15":{"type":"branch","line":81,"loc":{"start":{"line":81,"column":51},"end":{"line":83,"column":5}},"locations":[{"start":{"line":81,"column":51},"end":{"line":83,"column":5}}]},"16":{"type":"branch","line":91,"loc":{"start":{"line":91,"column":2},"end":{"line":101,"column":3}},"locations":[{"start":{"line":91,"column":2},"end":{"line":101,"column":3}}]},"17":{"type":"branch","line":93,"loc":{"start":{"line":93,"column":56},"end":{"line":94,"column":17}},"locations":[{"start":{"line":93,"column":56},"end":{"line":94,"column":17}}]},"18":{"type":"branch","line":94,"loc":{"start":{"line":94,"column":18},"end":{"line":94,"column":51}},"locations":[{"start":{"line":94,"column":18},"end":{"line":94,"column":51}}]},"19":{"type":"branch","line":94,"loc":{"start":{"line":94,"column":52},"end":{"line":95,"column":27}},"locations":[{"start":{"line":94,"column":52},"end":{"line":95,"column":27}}]},"20":{"type":"branch","line":96,"loc":{"start":{"line":96,"column":6},"end":{"line":98,"column":5}},"locations":[{"start":{"line":96,"column":6},"end":{"line":98,"column":5}}]},"21":{"type":"branch","line":98,"loc":{"start":{"line":98,"column":4},"end":{"line":101,"column":2}},"locations":[{"start":{"line":98,"column":4},"end":{"line":101,"column":2}}]},"22":{"type":"branch","line":109,"loc":{"start":{"line":109,"column":2},"end":{"line":140,"column":3}},"locations":[{"start":{"line":109,"column":2},"end":{"line":140,"column":3}}]},"23":{"type":"branch","line":110,"loc":{"start":{"line":110,"column":51},"end":{"line":112,"column":5}},"locations":[{"start":{"line":110,"column":51},"end":{"line":112,"column":5}}]},"24":{"type":"branch","line":112,"loc":{"start":{"line":112,"column":4},"end":{"line":127,"column":8}},"locations":[{"start":{"line":112,"column":4},"end":{"line":127,"column":8}}]},"25":{"type":"branch","line":127,"loc":{"start":{"line":127,"column":7},"end":{"line":128,"column":32}},"locations":[{"start":{"line":127,"column":7},"end":{"line":128,"column":32}}]},"26":{"type":"branch","line":128,"loc":{"start":{"line":128,"column":33},"end":{"line":128,"column":44}},"locations":[{"start":{"line":128,"column":33},"end":{"line":128,"column":44}}]},"27":{"type":"branch","line":128,"loc":{"start":{"line":128,"column":45},"end":{"line":128,"column":50}},"locations":[{"start":{"line":128,"column":45},"end":{"line":128,"column":50}}]},"28":{"type":"branch","line":129,"loc":{"start":{"line":129,"column":31},"end":{"line":139,"column":5}},"locations":[{"start":{"line":129,"column":31},"end":{"line":139,"column":5}}]},"29":{"type":"branch","line":147,"loc":{"start":{"line":147,"column":2},"end":{"line":155,"column":3}},"locations":[{"start":{"line":147,"column":2},"end":{"line":155,"column":3}}]},"30":{"type":"branch","line":160,"loc":{"start":{"line":160,"column":2},"end":{"line":170,"column":3}},"locations":[{"start":{"line":160,"column":2},"end":{"line":170,"column":3}}]},"31":{"type":"branch","line":162,"loc":{"start":{"line":162,"column":52},"end":{"line":168,"column":5}},"locations":[{"start":{"line":162,"column":52},"end":{"line":168,"column":5}}]},"32":{"type":"branch","line":176,"loc":{"start":{"line":176,"column":2},"end":{"line":197,"column":3}},"locations":[{"start":{"line":176,"column":2},"end":{"line":197,"column":3}}]},"33":{"type":"branch","line":187,"loc":{"start":{"line":187,"column":57},"end":{"line":188,"column":23}},"locations":[{"start":{"line":187,"column":57},"end":{"line":188,"column":23}}]},"34":{"type":"branch","line":188,"loc":{"start":{"line":188,"column":25},"end":{"line":196,"column":5}},"locations":[{"start":{"line":188,"column":25},"end":{"line":196,"column":5}}]},"35":{"type":"branch","line":178,"loc":{"start":{"line":178,"column":31},"end":{"line":178,"column":72}},"locations":[{"start":{"line":178,"column":31},"end":{"line":178,"column":72}}]},"36":{"type":"branch","line":204,"loc":{"start":{"line":204,"column":2},"end":{"line":229,"column":3}},"locations":[{"start":{"line":204,"column":2},"end":{"line":229,"column":3}}]},"37":{"type":"branch","line":205,"loc":{"start":{"line":205,"column":27},"end":{"line":208,"column":5}},"locations":[{"start":{"line":205,"column":27},"end":{"line":208,"column":5}}]},"38":{"type":"branch","line":208,"loc":{"start":{"line":208,"column":4},"end":{"line":220,"column":61}},"locations":[{"start":{"line":208,"column":4},"end":{"line":220,"column":61}}]},"39":{"type":"branch","line":220,"loc":{"start":{"line":220,"column":60},"end":{"line":221,"column":36}},"locations":[{"start":{"line":220,"column":60},"end":{"line":221,"column":36}}]},"40":{"type":"branch","line":221,"loc":{"start":{"line":221,"column":36},"end":{"line":221,"column":47}},"locations":[{"start":{"line":221,"column":36},"end":{"line":221,"column":47}}]},"41":{"type":"branch","line":221,"loc":{"start":{"line":221,"column":48},"end":{"line":221,"column":59}},"locations":[{"start":{"line":221,"column":48},"end":{"line":221,"column":59}}]},"42":{"type":"branch","line":223,"loc":{"start":{"line":223,"column":6},"end":{"line":226,"column":5}},"locations":[{"start":{"line":223,"column":6},"end":{"line":226,"column":5}}]},"43":{"type":"branch","line":226,"loc":{"start":{"line":226,"column":5},"end":{"line":226,"column":6}},"locations":[{"start":{"line":226,"column":5},"end":{"line":226,"column":6}}]},"44":{"type":"branch","line":226,"loc":{"start":{"line":226,"column":6},"end":{"line":228,"column":5}},"locations":[{"start":{"line":226,"column":6},"end":{"line":228,"column":5}}]},"45":{"type":"branch","line":214,"loc":{"start":{"line":214,"column":33},"end":{"line":214,"column":74}},"locations":[{"start":{"line":214,"column":33},"end":{"line":214,"column":74}}]},"46":{"type":"branch","line":234,"loc":{"start":{"line":234,"column":2},"end":{"line":242,"column":3}},"locations":[{"start":{"line":234,"column":2},"end":{"line":242,"column":3}}]}},"b":{"0":[20],"1":[1],"2":[2],"3":[7],"4":[5],"5":[3],"6":[2],"7":[1],"8":[1],"9":[0],"10":[2],"11":[1],"12":[1],"13":[3],"14":[2],"15":[1],"16":[5],"17":[4],"18":[3],"19":[3],"20":[3],"21":[2],"22":[3],"23":[1],"24":[2],"25":[1],"26":[0],"27":[0],"28":[1],"29":[2],"30":[1],"31":[2],"32":[2],"33":[1],"34":[1],"35":[1],"36":[4],"37":[1],"38":[3],"39":[2],"40":[1],"41":[1],"42":[1],"43":[0],"44":[3],"45":[3],"46":[1]},"fnMap":{"0":{"name":"upload","decl":{"start":{"line":45,"column":2},"end":{"line":74,"column":3}},"loc":{"start":{"line":45,"column":2},"end":{"line":74,"column":3}},"line":45},"1":{"name":"removeImage","decl":{"start":{"line":80,"column":2},"end":{"line":84,"column":3}},"loc":{"start":{"line":80,"column":2},"end":{"line":84,"column":3}},"line":80},"2":{"name":"reorder","decl":{"start":{"line":91,"column":2},"end":{"line":101,"column":3}},"loc":{"start":{"line":91,"column":2},"end":{"line":101,"column":3}},"line":91},"3":{"name":"replaceImage","decl":{"start":{"line":109,"column":2},"end":{"line":140,"column":3}},"loc":{"start":{"line":109,"column":2},"end":{"line":140,"column":3}},"line":109},"4":{"name":"updateAccountConfig","decl":{"start":{"line":147,"column":2},"end":{"line":155,"column":3}},"loc":{"start":{"line":147,"column":2},"end":{"line":155,"column":3}},"line":147},"5":{"name":"syncBatchToAll","decl":{"start":{"line":160,"column":2},"end":{"line":170,"column":3}},"loc":{"start":{"line":160,"column":2},"end":{"line":170,"column":3}},"line":160},"6":{"name":"save","decl":{"start":{"line":176,"column":2},"end":{"line":197,"column":3}},"loc":{"start":{"line":176,"column":2},"end":{"line":197,"column":3}},"line":176},"7":{"name":"publish","decl":{"start":{"line":204,"column":2},"end":{"line":229,"column":3}},"loc":{"start":{"line":204,"column":2},"end":{"line":229,"column":3}},"line":204},"8":{"name":"reset","decl":{"start":{"line":234,"column":2},"end":{"line":242,"column":3}},"loc":{"start":{"line":234,"column":2},"end":{"line":242,"column":3}},"line":234}},"f":{"0":3,"1":3,"2":5,"3":3,"4":2,"5":1,"6":2,"7":4,"8":1}}
,"/home/dev/social-auto-upload-web-ui/.worktrees/feature-20260820-phase3/frontend/src/stores/index.js": {"path":"/home/dev/social-auto-upload-web-ui/.worktrees/feature-20260820-phase3/frontend/src/stores/index.js","all":false,"statementMap":{"0":{"start":{"line":1,"column":0},"end":{"line":1,"column":64}},"5":{"start":{"line":6,"column":0},"end":{"line":6,"column":27}},"7":{"start":{"line":8,"column":0},"end":{"line":8,"column":20}}},"s":{"0":1,"5":1,"7":1},"branchMap":{},"b":{},"fnMap":{},"f":{}}
,"/home/dev/social-auto-upload-web-ui/.worktrees/feature-20260820-phase3/frontend/src/stores/user.js": {"path":"/home/dev/social-auto-upload-web-ui/.worktrees/feature-20260820-phase3/frontend/src/stores/user.js","all":false,"statementMap":{"0":{"start":{"line":1,"column":0},"end":{"line":1,"column":64}},"3":{"start":{"line":4,"column":0},"end":{"line":4,"column":55}},"4":{"start":{"line":5,"column":0},"end":{"line":5,"column":24}},"5":{"start":{"line":6,"column":0},"end":{"line":6,"column":13}},"6":{"start":{"line":7,"column":0},"end":{"line":7,"column":13}},"7":{"start":{"line":8,"column":0},"end":{"line":8,"column":4}},"8":{"start":{"line":9,"column":0},"end":{"line":9,"column":2}},"9":{"start":{"line":10,"column":0},"end":{"line":10,"column":31}},"10":{"start":{"line":11,"column":0},"end":{"line":11,"column":2}},"11":{"start":{"line":12,"column":0},"end":{"line":12,"column":33}},"12":{"start":{"line":13,"column":0},"end":{"line":13,"column":25}},"13":{"start":{"line":14,"column":0},"end":{"line":14,"column":27}},"14":{"start":{"line":15,"column":0},"end":{"line":15,"column":3}},"15":{"start":{"line":16,"column":0},"end":{"line":16,"column":2}},"16":{"start":{"line":17,"column":0},"end":{"line":17,"column":24}},"17":{"start":{"line":18,"column":0},"end":{"line":18,"column":22}},"18":{"start":{"line":19,"column":0},"end":{"line":19,"column":15}},"19":{"start":{"line":20,"column":0},"end":{"line":20,"column":15}},"20":{"start":{"line":21,"column":0},"end":{"line":21,"column":5}},"21":{"start":{"line":22,"column":0},"end":{"line":22,"column":28}},"22":{"start":{"line":23,"column":0},"end":{"line":23,"column":3}},"23":{"start":{"line":24,"column":0},"end":{"line":24,"column":2}},"24":{"start":{"line":25,"column":0},"end":{"line":25,"column":10}},"25":{"start":{"line":26,"column":0},"end":{"line":26,"column":13}},"26":{"start":{"line":27,"column":0},"end":{"line":27,"column":15}},"27":{"start":{"line":28,"column":0},"end":{"line":28,"column":16}},"28":{"start":{"line":29,"column":0},"end":{"line":29,"column":10}},"29":{"start":{"line":30,"column":0},"end":{"line":30,"column":3}},"30":{"start":{"line":31,"column":0},"end":{"line":31,"column":2}}},"s":{"0":1,"3":1,"4":3,"5":3,"6":3,"7":3,"8":3,"9":3,"10":3,"11":3,"12":2,"13":2,"14":2,"15":3,"16":3,"17":1,"18":1,"19":1,"20":1,"21":1,"22":1,"23":3,"24":3,"25":3,"26":3,"27":3,"28":3,"29":3,"30":3},"branchMap":{"0":{"type":"branch","line":4,"loc":{"start":{"line":4,"column":48},"end":{"line":31,"column":2}},"locations":[{"start":{"line":4,"column":48},"end":{"line":31,"column":2}}]},"1":{"type":"branch","line":12,"loc":{"start":{"line":12,"column":22},"end":{"line":15,"column":3}},"locations":[{"start":{"line":12,"column":22},"end":{"line":15,"column":3}}]},"2":{"type":"branch","line":17,"loc":{"start":{"line":17,"column":17},"end":{"line":23,"column":3}},"locations":[{"start":{"line":17,"column":17},"end":{"line":23,"column":3}}]}},"b":{"0":[3],"1":[2],"2":[1]},"fnMap":{"0":{"name":"setUserInfo","decl":{"start":{"line":12,"column":22},"end":{"line":15,"column":3}},"loc":{"start":{"line":12,"column":22},"end":{"line":15,"column":3}},"line":12},"1":{"name":"logout","decl":{"start":{"line":17,"column":17},"end":{"line":23,"column":3}},"loc":{"start":{"line":17,"column":17},"end":{"line":23,"column":3}},"line":17}},"f":{"0":2,"1":1}}
}
